<?xml version="1.0" encoding="UTF-8"?>
<!-- Generated by org.testng.reporters.JUnitXMLReporter -->
<testsuite ignored="0" hostname="Qwerty" failures="0" tests="7" name="Command line test" time="15.942" errors="0" timestamp="2023-10-16T19:41:16 CEST">
  <testcase classname="Tests.HomepageTest" name="hamburgerMenuIsHidden" time="0.031"/>
  <testcase classname="Tests.HomepageTest" name="hamburgerMenuHasExpectedItems" time="0.649"/>
  <testcase classname="Tests.HomepageTest" name="sortItemsAtoZ" time="0.146"/>
  <testcase classname="Tests.HomepageTest" name="sortItemsZtoA" time="0.162"/>
  <testcase classname="Tests.HomepageTest" name="sortPriceHighToLow" time="0.172"/>
  <testcase classname="Tests.HomepageTest" name="sortPriceLowToHigh" time="0.175"/>
  <testcase classname="Tests.HomepageTest" name="aboutPageCanBeOpened" time="2.608"/>
</testsuite> <!-- Command line test -->
