<?xml version="1.0" encoding="UTF-8"?>
<!-- Generated by org.testng.reporters.JUnitXMLReporter -->
<testsuite ignored="0" hostname="CLVITN-28FQFX3" failures="0" tests="26" name="Surefire test" time="88.072" errors="0" timestamp="2023-10-17T14:26:48 CEST">
  <testcase classname="Tests.CartTest" name="addItemToCart" time="1.196"/>
  <testcase classname="Tests.CartTest" name="itemCanBeRemovedFromCart" time="4.241"/>
  <testcase classname="Tests.CartTest" name="multipleItemsCaneBeAddedToCart" time="1.339"/>
  <testcase classname="Tests.CartTest" name="userCanContinueShopping" time="0.278"/>
  <testcase classname="Tests.CheckoutTest" name="allFieldsAreMandatory" time="0.231"/>
  <testcase classname="Tests.CheckoutTest" name="firstNameIsMandatory" time="0.468"/>
  <testcase classname="Tests.CheckoutTest" name="lastNameIsMandatory" time="0.352"/>
  <testcase classname="Tests.CheckoutTest" name="zipCodeIsMandatory" time="0.349"/>
  <testcase classname="Tests.EndToEndTest" name="itemCanBeBought" time="1.481"/>
  <testcase classname="Tests.EndToEndTest" name="userCanGoToHomepageAfterShopping" time="0.451"/>
  <testcase classname="Tests.HomepageTest" name="hamburgerMenuIsHidden" time="0.022"/>
  <testcase classname="Tests.HomepageTest" name="hamburgerMenuHasExpectedItems" time="0.637"/>
  <testcase classname="Tests.HomepageTest" name="sortItemsAtoZ" time="0.106"/>
  <testcase classname="Tests.HomepageTest" name="sortItemsZtoA" time="0.139"/>
  <testcase classname="Tests.HomepageTest" name="sortPriceHighToLow" time="0.134"/>
  <testcase classname="Tests.HomepageTest" name="sortPriceLowToHigh" time="0.141"/>
  <testcase classname="Tests.HomepageTest" name="aboutPageCanBeOpened" time="2.462"/>
  <testcase classname="Tests.LoginTest" name="userCanLogIn" time="0.268"/>
  <testcase classname="Tests.LoginTest" name="userCanLogOut" time="1.368"/>
  <testcase classname="Tests.LoginTest" name="userCannotLogInWithInvalidUsername" time="1.191"/>
  <testcase classname="Tests.LoginTest" name="userCannotLogInWithInvalidPassword" time="1.204"/>
  <testcase classname="Tests.LoginTest" name="userCannotLogInWithInvalidUsernameAndPassword" time="1.247"/>
  <testcase classname="Tests.LoginTest" name="userCannotLogInWithInvalidUsernameAndPassword" time="1.206"/>
  <testcase classname="Tests.LoginTest" name="userCannotLogInWithInvalidUsernameAndPassword" time="1.241"/>
  <testcase classname="Tests.LoginTest" name="userCannotLogInWithInvalidUsernameAndPassword" time="1.24"/>
  <testcase classname="Tests.LoginTest" name="userCannotLogInWithRandomData" time="12.109"/>
</testsuite> <!-- Surefire test -->
