<?xml version="1.0" encoding="UTF-8"?>
<!-- Generated by org.testng.reporters.JUnitXMLReporter -->
<testsuite ignored="0" hostname="CLVITN-28FQFX3" failures="0" tests="6" name="Surefire test" time="21.686" errors="0" timestamp="2023-10-16T16:16:19 CEST">
  <testcase classname="Tests.HomepageTest" name="hamburgerMenuIsHidden" time="0.03"/>
  <testcase classname="Tests.HomepageTest" name="hamburgerMenuHasExpectedItems" time="0.652"/>
  <testcase classname="Tests.HomepageTest" name="sortItemsAtoZ" time="0.123"/>
  <testcase classname="Tests.HomepageTest" name="sortItemsZtoA" time="0.148"/>
  <testcase classname="Tests.HomepageTest" name="sortPriceHighToLow" time="0.152"/>
  <testcase classname="Tests.HomepageTest" name="sortPriceLowToHigh" time="0.156"/>
</testsuite> <!-- Surefire test -->
