<?xml version="1.0" encoding="UTF-8"?>
<!-- Generated by org.testng.reporters.JUnitXMLReporter -->
<testsuite ignored="0" hostname="Qwerty" failures="0" tests="9" name="Command line test" time="16.709" errors="0" timestamp="2023-01-20T23:56:16 CET">
  <testcase classname="Tests.HomepageTest" name="hamburgerMenuHasExpectedItems" time="0.216"/>
  <testcase classname="Tests.HomepageTest" name="hamburgerMenuIsHidden" time="0.234"/>
  <testcase classname="Tests.LoginTest" name="userCanLogIn" time="0.284"/>
  <testcase classname="Tests.LoginTest" name="userCannotLogInWithInvalidUsername" time="0.182"/>
  <testcase classname="Tests.LoginTest" name="userCannotLogInWithInvalidPassword" time="0.182"/>
  <testcase classname="Tests.LoginTest" name="userCannotLogInWithInvalidUsernameAndPassword" time="0.184"/>
  <testcase classname="Tests.LoginTest" name="userCannotLogInWithInvalidUsernameAndPassword" time="0.18"/>
  <testcase classname="Tests.LoginTest" name="userCannotLogInWithInvalidUsernameAndPassword" time="0.168"/>
  <testcase classname="Tests.LoginTest" name="userCannotLogInWithRandomData" time="1.322"/>
</testsuite> <!-- Command line test -->
