<?xml version="1.0" encoding="UTF-8"?>
<testsuite xmlns:xsi="http://www.w3.org/2001/XMLSchema-instance" xsi:noNamespaceSchemaLocation="https://maven.apache.org/surefire/maven-surefire-plugin/xsd/surefire-test-report-3.0.xsd" version="3.0" name="TestSuite" time="127.406" tests="16" errors="0" skipped="0" failures="0">
  <properties>
[...]
</properties>
  <testcase name="addItemToCart" classname="Tests.CartTest" time="2.167">
    <system-out><![CDATA[org.openqa.selenium.NoSuchElementException: no such element: Unable to locate element: {"method":"css selector","selector":".shopping_cart_badge"}
  (Session info: MicrosoftEdge=118.0.2088.46)
For documentation on this error, please visit: https://www.selenium.dev/documentation/webdriver/troubleshooting/errors#no-such-element-exception
Build info: version: '4.14.0', revision: 'e5a96349ce'
System info: os.name: 'Windows 10', os.arch: 'amd64', os.version: '10.0', java.version: '21'
Driver info: org.openqa.selenium.edge.EdgeDriver
Command: [ad47fe9fdb306e3c6641f60fa70bfc98, findElement {using=class name, value=shopping_cart_badge}]
Capabilities {acceptInsecureCerts: false, browserName: msedge, browserVersion: 118.0.2088.46, fedcm:accounts: true, ms:edgeOptions: {debuggerAddress: localhost:55940}, msedge: {msedgedriverVersion: 118.0.2088.46 (175bd6acfc46..., userDataDir: C:\Users\U6074901\AppData\L...}, networkConnectionEnabled: false, pageLoadStrategy: normal, platformName: windows, proxy: Proxy(), se:cdp: ws://localhost:55940/devtoo..., se:cdpVersion: 118.0.2088.46, setWindowRect: true, strictFileInteractability: false, timeouts: {implicit: 0, pageLoad: 300000, script: 30000}, unhandledPromptBehavior: dismiss and notify, webauthn:extension:credBlob: true, webauthn:extension:largeBlob: true, webauthn:extension:minPinLength: true, webauthn:extension:prf: true, webauthn:virtualAuthenticators: true}
Session ID: ad47fe9fdb306e3c6641f60fa70bfc98
]]></system-out>
    <system-err><![CDATA[SLF4J: No SLF4J providers were found.
SLF4J: Defaulting to no-operation (NOP) logger implementation
SLF4J: See https://www.slf4j.org/codes.html#noProviders for further details.
ERROR StatusLogger Log4j2 could not find a logging implementation. Please add log4j-core to the classpath. Using SimpleLogger to log to the console...
]]></system-err>
  </testcase>
  <testcase name="itemCanBeRemovedFromCart" classname="Tests.CartTest" time="2.249">
    <system-out><![CDATA[org.openqa.selenium.NoSuchElementException: no such element: Unable to locate element: {"method":"css selector","selector":".cart_item_label"}
  (Session info: MicrosoftEdge=118.0.2088.46)
For documentation on this error, please visit: https://www.selenium.dev/documentation/webdriver/troubleshooting/errors#no-such-element-exception
Build info: version: '4.14.0', revision: 'e5a96349ce'
System info: os.name: 'Windows 10', os.arch: 'amd64', os.version: '10.0', java.version: '21'
Driver info: org.openqa.selenium.edge.EdgeDriver
Command: [551a5ae194a98df922138115f6792498, findElement {using=class name, value=cart_item_label}]
Capabilities {acceptInsecureCerts: false, browserName: msedge, browserVersion: 118.0.2088.46, fedcm:accounts: true, ms:edgeOptions: {debuggerAddress: localhost:55988}, msedge: {msedgedriverVersion: 118.0.2088.46 (175bd6acfc46..., userDataDir: C:\Users\U6074901\AppData\L...}, networkConnectionEnabled: false, pageLoadStrategy: normal, platformName: windows, proxy: Proxy(), se:cdp: ws://localhost:55988/devtoo..., se:cdpVersion: 118.0.2088.46, setWindowRect: true, strictFileInteractability: false, timeouts: {implicit: 0, pageLoad: 300000, script: 30000}, unhandledPromptBehavior: dismiss and notify, webauthn:extension:credBlob: true, webauthn:extension:largeBlob: true, webauthn:extension:minPinLength: true, webauthn:extension:prf: true, webauthn:virtualAuthenticators: true}
Session ID: 551a5ae194a98df922138115f6792498
]]></system-out>
  </testcase>
  <testcase name="hamburgerMenuIsHidden" classname="Tests.HomepageTest" time="0.024"/>
  <testcase name="hamburgerMenuHasExpectedItems" classname="Tests.HomepageTest" time="0.659"/>
  <testcase name="sortItemsAtoZ" classname="Tests.HomepageTest" time="0.121"/>
  <testcase name="sortItemsZtoA" classname="Tests.HomepageTest" time="0.159"/>
  <testcase name="sortPriceHighToLow" classname="Tests.HomepageTest" time="0.157"/>
  <testcase name="sortPriceLowToHigh" classname="Tests.HomepageTest" time="0.171"/>
  <testcase name="userCanLogIn" classname="Tests.LoginTest" time="0.34"/>
  <testcase name="userCanLogOut" classname="Tests.LoginTest" time="2.511">
    <system-out><![CDATA[org.openqa.selenium.NoSuchElementException: no such element: Unable to locate element: {"method":"css selector","selector":"#shopping_cart_container"}
  (Session info: MicrosoftEdge=118.0.2088.46)
For documentation on this error, please visit: https://www.selenium.dev/documentation/webdriver/troubleshooting/errors#no-such-element-exception
Build info: version: '4.14.0', revision: 'e5a96349ce'
System info: os.name: 'Windows 10', os.arch: 'amd64', os.version: '10.0', java.version: '21'
Driver info: org.openqa.selenium.edge.EdgeDriver
Command: [38832bcea2aef27aa05ca23c894b2f5b, findElement {using=id, value=shopping_cart_container}]
Capabilities {acceptInsecureCerts: false, browserName: msedge, browserVersion: 118.0.2088.46, fedcm:accounts: true, ms:edgeOptions: {debuggerAddress: localhost:56376}, msedge: {msedgedriverVersion: 118.0.2088.46 (175bd6acfc46..., userDataDir: C:\Users\U6074901\AppData\L...}, networkConnectionEnabled: false, pageLoadStrategy: normal, platformName: windows, proxy: Proxy(), se:cdp: ws://localhost:56376/devtoo..., se:cdpVersion: 118.0.2088.46, setWindowRect: true, strictFileInteractability: false, timeouts: {implicit: 0, pageLoad: 300000, script: 30000}, unhandledPromptBehavior: dismiss and notify, webauthn:extension:credBlob: true, webauthn:extension:largeBlob: true, webauthn:extension:minPinLength: true, webauthn:extension:prf: true, webauthn:virtualAuthenticators: true}
Session ID: 38832bcea2aef27aa05ca23c894b2f5b
]]></system-out>
  </testcase>
  <testcase name="userCannotLogInWithInvalidUsername" classname="Tests.LoginTest" time="4.348">
    <system-out><![CDATA[org.openqa.selenium.NoSuchElementException: no such element: Unable to locate element: {"method":"css selector","selector":"#shopping_cart_container"}
  (Session info: MicrosoftEdge=118.0.2088.46)
For documentation on this error, please visit: https://www.selenium.dev/documentation/webdriver/troubleshooting/errors#no-such-element-exception
Build info: version: '4.14.0', revision: 'e5a96349ce'
System info: os.name: 'Windows 10', os.arch: 'amd64', os.version: '10.0', java.version: '21'
Driver info: org.openqa.selenium.edge.EdgeDriver
Command: [326c1e7bff567cf2610627f41b480413, findElement {using=id, value=shopping_cart_container}]
Capabilities {acceptInsecureCerts: false, browserName: msedge, browserVersion: 118.0.2088.46, fedcm:accounts: true, ms:edgeOptions: {debuggerAddress: localhost:56437}, msedge: {msedgedriverVersion: 118.0.2088.46 (175bd6acfc46..., userDataDir: C:\Users\U6074901\AppData\L...}, networkConnectionEnabled: false, pageLoadStrategy: normal, platformName: windows, proxy: Proxy(), se:cdp: ws://localhost:56437/devtoo..., se:cdpVersion: 118.0.2088.46, setWindowRect: true, strictFileInteractability: false, timeouts: {implicit: 0, pageLoad: 300000, script: 30000}, unhandledPromptBehavior: dismiss and notify, webauthn:extension:credBlob: true, webauthn:extension:largeBlob: true, webauthn:extension:minPinLength: true, webauthn:extension:prf: true, webauthn:virtualAuthenticators: true}
Session ID: 326c1e7bff567cf2610627f41b480413
org.openqa.selenium.NoSuchElementException: no such element: Unable to locate element: {"method":"css selector","selector":".product_sort_container"}
  (Session info: MicrosoftEdge=118.0.2088.46)
For documentation on this error, please visit: https://www.selenium.dev/documentation/webdriver/troubleshooting/errors#no-such-element-exception
Build info: version: '4.14.0', revision: 'e5a96349ce'
System info: os.name: 'Windows 10', os.arch: 'amd64', os.version: '10.0', java.version: '21'
Driver info: org.openqa.selenium.edge.EdgeDriver
Command: [326c1e7bff567cf2610627f41b480413, findElement {using=class name, value=product_sort_container}]
Capabilities {acceptInsecureCerts: false, browserName: msedge, browserVersion: 118.0.2088.46, fedcm:accounts: true, ms:edgeOptions: {debuggerAddress: localhost:56437}, msedge: {msedgedriverVersion: 118.0.2088.46 (175bd6acfc46..., userDataDir: C:\Users\U6074901\AppData\L...}, networkConnectionEnabled: false, pageLoadStrategy: normal, platformName: windows, proxy: Proxy(), se:cdp: ws://localhost:56437/devtoo..., se:cdpVersion: 118.0.2088.46, setWindowRect: true, strictFileInteractability: false, timeouts: {implicit: 0, pageLoad: 300000, script: 30000}, unhandledPromptBehavior: dismiss and notify, webauthn:extension:credBlob: true, webauthn:extension:largeBlob: true, webauthn:extension:minPinLength: true, webauthn:extension:prf: true, webauthn:virtualAuthenticators: true}
Session ID: 326c1e7bff567cf2610627f41b480413
]]></system-out>
  </testcase>
  <testcase name="userCannotLogInWithInvalidPassword" classname="Tests.LoginTest" time="4.292">
    <system-out><![CDATA[org.openqa.selenium.NoSuchElementException: no such element: Unable to locate element: {"method":"css selector","selector":"#shopping_cart_container"}
  (Session info: MicrosoftEdge=118.0.2088.46)
For documentation on this error, please visit: https://www.selenium.dev/documentation/webdriver/troubleshooting/errors#no-such-element-exception
Build info: version: '4.14.0', revision: 'e5a96349ce'
System info: os.name: 'Windows 10', os.arch: 'amd64', os.version: '10.0', java.version: '21'
Driver info: org.openqa.selenium.edge.EdgeDriver
Command: [5885a9100875b0611b16b66d72f3d490, findElement {using=id, value=shopping_cart_container}]
Capabilities {acceptInsecureCerts: false, browserName: msedge, browserVersion: 118.0.2088.46, fedcm:accounts: true, ms:edgeOptions: {debuggerAddress: localhost:56501}, msedge: {msedgedriverVersion: 118.0.2088.46 (175bd6acfc46..., userDataDir: C:\Users\U6074901\AppData\L...}, networkConnectionEnabled: false, pageLoadStrategy: normal, platformName: windows, proxy: Proxy(), se:cdp: ws://localhost:56501/devtoo..., se:cdpVersion: 118.0.2088.46, setWindowRect: true, strictFileInteractability: false, timeouts: {implicit: 0, pageLoad: 300000, script: 30000}, unhandledPromptBehavior: dismiss and notify, webauthn:extension:credBlob: true, webauthn:extension:largeBlob: true, webauthn:extension:minPinLength: true, webauthn:extension:prf: true, webauthn:virtualAuthenticators: true}
Session ID: 5885a9100875b0611b16b66d72f3d490
org.openqa.selenium.NoSuchElementException: no such element: Unable to locate element: {"method":"css selector","selector":".product_sort_container"}
  (Session info: MicrosoftEdge=118.0.2088.46)
For documentation on this error, please visit: https://www.selenium.dev/documentation/webdriver/troubleshooting/errors#no-such-element-exception
Build info: version: '4.14.0', revision: 'e5a96349ce'
System info: os.name: 'Windows 10', os.arch: 'amd64', os.version: '10.0', java.version: '21'
Driver info: org.openqa.selenium.edge.EdgeDriver
Command: [5885a9100875b0611b16b66d72f3d490, findElement {using=class name, value=product_sort_container}]
Capabilities {acceptInsecureCerts: false, browserName: msedge, browserVersion: 118.0.2088.46, fedcm:accounts: true, ms:edgeOptions: {debuggerAddress: localhost:56501}, msedge: {msedgedriverVersion: 118.0.2088.46 (175bd6acfc46..., userDataDir: C:\Users\U6074901\AppData\L...}, networkConnectionEnabled: false, pageLoadStrategy: normal, platformName: windows, proxy: Proxy(), se:cdp: ws://localhost:56501/devtoo..., se:cdpVersion: 118.0.2088.46, setWindowRect: true, strictFileInteractability: false, timeouts: {implicit: 0, pageLoad: 300000, script: 30000}, unhandledPromptBehavior: dismiss and notify, webauthn:extension:credBlob: true, webauthn:extension:largeBlob: true, webauthn:extension:minPinLength: true, webauthn:extension:prf: true, webauthn:virtualAuthenticators: true}
Session ID: 5885a9100875b0611b16b66d72f3d490
]]></system-out>
  </testcase>
  <testcase name="userCannotLogInWithInvalidUsernameAndPassword[username, password](1)" classname="Tests.LoginTest" time="4.261">
    <system-out><![CDATA[org.openqa.selenium.NoSuchElementException: no such element: Unable to locate element: {"method":"css selector","selector":"#shopping_cart_container"}
  (Session info: MicrosoftEdge=118.0.2088.46)
For documentation on this error, please visit: https://www.selenium.dev/documentation/webdriver/troubleshooting/errors#no-such-element-exception
Build info: version: '4.14.0', revision: 'e5a96349ce'
System info: os.name: 'Windows 10', os.arch: 'amd64', os.version: '10.0', java.version: '21'
Driver info: org.openqa.selenium.edge.EdgeDriver
Command: [af314326f6db4f433c13ca4dc0a86205, findElement {using=id, value=shopping_cart_container}]
Capabilities {acceptInsecureCerts: false, browserName: msedge, browserVersion: 118.0.2088.46, fedcm:accounts: true, ms:edgeOptions: {debuggerAddress: localhost:56561}, msedge: {msedgedriverVersion: 118.0.2088.46 (175bd6acfc46..., userDataDir: C:\Users\U6074901\AppData\L...}, networkConnectionEnabled: false, pageLoadStrategy: normal, platformName: windows, proxy: Proxy(), se:cdp: ws://localhost:56561/devtoo..., se:cdpVersion: 118.0.2088.46, setWindowRect: true, strictFileInteractability: false, timeouts: {implicit: 0, pageLoad: 300000, script: 30000}, unhandledPromptBehavior: dismiss and notify, webauthn:extension:credBlob: true, webauthn:extension:largeBlob: true, webauthn:extension:minPinLength: true, webauthn:extension:prf: true, webauthn:virtualAuthenticators: true}
Session ID: af314326f6db4f433c13ca4dc0a86205
org.openqa.selenium.NoSuchElementException: no such element: Unable to locate element: {"method":"css selector","selector":".product_sort_container"}
  (Session info: MicrosoftEdge=118.0.2088.46)
For documentation on this error, please visit: https://www.selenium.dev/documentation/webdriver/troubleshooting/errors#no-such-element-exception
Build info: version: '4.14.0', revision: 'e5a96349ce'
System info: os.name: 'Windows 10', os.arch: 'amd64', os.version: '10.0', java.version: '21'
Driver info: org.openqa.selenium.edge.EdgeDriver
Command: [af314326f6db4f433c13ca4dc0a86205, findElement {using=class name, value=product_sort_container}]
Capabilities {acceptInsecureCerts: false, browserName: msedge, browserVersion: 118.0.2088.46, fedcm:accounts: true, ms:edgeOptions: {debuggerAddress: localhost:56561}, msedge: {msedgedriverVersion: 118.0.2088.46 (175bd6acfc46..., userDataDir: C:\Users\U6074901\AppData\L...}, networkConnectionEnabled: false, pageLoadStrategy: normal, platformName: windows, proxy: Proxy(), se:cdp: ws://localhost:56561/devtoo..., se:cdpVersion: 118.0.2088.46, setWindowRect: true, strictFileInteractability: false, timeouts: {implicit: 0, pageLoad: 300000, script: 30000}, unhandledPromptBehavior: dismiss and notify, webauthn:extension:credBlob: true, webauthn:extension:largeBlob: true, webauthn:extension:minPinLength: true, webauthn:extension:prf: true, webauthn:virtualAuthenticators: true}
Session ID: af314326f6db4f433c13ca4dc0a86205
]]></system-out>
  </testcase>
  <testcase name="userCannotLogInWithInvalidUsernameAndPassword[standard, pass_word](2)" classname="Tests.LoginTest" time="4.285">
    <system-out><![CDATA[org.openqa.selenium.NoSuchElementException: no such element: Unable to locate element: {"method":"css selector","selector":"#shopping_cart_container"}
  (Session info: MicrosoftEdge=118.0.2088.46)
For documentation on this error, please visit: https://www.selenium.dev/documentation/webdriver/troubleshooting/errors#no-such-element-exception
Build info: version: '4.14.0', revision: 'e5a96349ce'
System info: os.name: 'Windows 10', os.arch: 'amd64', os.version: '10.0', java.version: '21'
Driver info: org.openqa.selenium.edge.EdgeDriver
Command: [9292d02a70305b2c17c2f01dc618fadd, findElement {using=id, value=shopping_cart_container}]
Capabilities {acceptInsecureCerts: false, browserName: msedge, browserVersion: 118.0.2088.46, fedcm:accounts: true, ms:edgeOptions: {debuggerAddress: localhost:56631}, msedge: {msedgedriverVersion: 118.0.2088.46 (175bd6acfc46..., userDataDir: C:\Users\U6074901\AppData\L...}, networkConnectionEnabled: false, pageLoadStrategy: normal, platformName: windows, proxy: Proxy(), se:cdp: ws://localhost:56631/devtoo..., se:cdpVersion: 118.0.2088.46, setWindowRect: true, strictFileInteractability: false, timeouts: {implicit: 0, pageLoad: 300000, script: 30000}, unhandledPromptBehavior: dismiss and notify, webauthn:extension:credBlob: true, webauthn:extension:largeBlob: true, webauthn:extension:minPinLength: true, webauthn:extension:prf: true, webauthn:virtualAuthenticators: true}
Session ID: 9292d02a70305b2c17c2f01dc618fadd
org.openqa.selenium.NoSuchElementException: no such element: Unable to locate element: {"method":"css selector","selector":".product_sort_container"}
  (Session info: MicrosoftEdge=118.0.2088.46)
For documentation on this error, please visit: https://www.selenium.dev/documentation/webdriver/troubleshooting/errors#no-such-element-exception
Build info: version: '4.14.0', revision: 'e5a96349ce'
System info: os.name: 'Windows 10', os.arch: 'amd64', os.version: '10.0', java.version: '21'
Driver info: org.openqa.selenium.edge.EdgeDriver
Command: [9292d02a70305b2c17c2f01dc618fadd, findElement {using=class name, value=product_sort_container}]
Capabilities {acceptInsecureCerts: false, browserName: msedge, browserVersion: 118.0.2088.46, fedcm:accounts: true, ms:edgeOptions: {debuggerAddress: localhost:56631}, msedge: {msedgedriverVersion: 118.0.2088.46 (175bd6acfc46..., userDataDir: C:\Users\U6074901\AppData\L...}, networkConnectionEnabled: false, pageLoadStrategy: normal, platformName: windows, proxy: Proxy(), se:cdp: ws://localhost:56631/devtoo..., se:cdpVersion: 118.0.2088.46, setWindowRect: true, strictFileInteractability: false, timeouts: {implicit: 0, pageLoad: 300000, script: 30000}, unhandledPromptBehavior: dismiss and notify, webauthn:extension:credBlob: true, webauthn:extension:largeBlob: true, webauthn:extension:minPinLength: true, webauthn:extension:prf: true, webauthn:virtualAuthenticators: true}
Session ID: 9292d02a70305b2c17c2f01dc618fadd
]]></system-out>
  </testcase>
  <testcase name="userCannotLogInWithInvalidUsernameAndPassword[user, pass](3)" classname="Tests.LoginTest" time="4.286">
    <system-out><![CDATA[org.openqa.selenium.NoSuchElementException: no such element: Unable to locate element: {"method":"css selector","selector":"#shopping_cart_container"}
  (Session info: MicrosoftEdge=118.0.2088.46)
For documentation on this error, please visit: https://www.selenium.dev/documentation/webdriver/troubleshooting/errors#no-such-element-exception
Build info: version: '4.14.0', revision: 'e5a96349ce'
System info: os.name: 'Windows 10', os.arch: 'amd64', os.version: '10.0', java.version: '21'
Driver info: org.openqa.selenium.edge.EdgeDriver
Command: [099f2a7cc6c3edf69a7ce874350b1d93, findElement {using=id, value=shopping_cart_container}]
Capabilities {acceptInsecureCerts: false, browserName: msedge, browserVersion: 118.0.2088.46, fedcm:accounts: true, ms:edgeOptions: {debuggerAddress: localhost:56693}, msedge: {msedgedriverVersion: 118.0.2088.46 (175bd6acfc46..., userDataDir: C:\Users\U6074901\AppData\L...}, networkConnectionEnabled: false, pageLoadStrategy: normal, platformName: windows, proxy: Proxy(), se:cdp: ws://localhost:56693/devtoo..., se:cdpVersion: 118.0.2088.46, setWindowRect: true, strictFileInteractability: false, timeouts: {implicit: 0, pageLoad: 300000, script: 30000}, unhandledPromptBehavior: dismiss and notify, webauthn:extension:credBlob: true, webauthn:extension:largeBlob: true, webauthn:extension:minPinLength: true, webauthn:extension:prf: true, webauthn:virtualAuthenticators: true}
Session ID: 099f2a7cc6c3edf69a7ce874350b1d93
org.openqa.selenium.NoSuchElementException: no such element: Unable to locate element: {"method":"css selector","selector":".product_sort_container"}
  (Session info: MicrosoftEdge=118.0.2088.46)
For documentation on this error, please visit: https://www.selenium.dev/documentation/webdriver/troubleshooting/errors#no-such-element-exception
Build info: version: '4.14.0', revision: 'e5a96349ce'
System info: os.name: 'Windows 10', os.arch: 'amd64', os.version: '10.0', java.version: '21'
Driver info: org.openqa.selenium.edge.EdgeDriver
Command: [099f2a7cc6c3edf69a7ce874350b1d93, findElement {using=class name, value=product_sort_container}]
Capabilities {acceptInsecureCerts: false, browserName: msedge, browserVersion: 118.0.2088.46, fedcm:accounts: true, ms:edgeOptions: {debuggerAddress: localhost:56693}, msedge: {msedgedriverVersion: 118.0.2088.46 (175bd6acfc46..., userDataDir: C:\Users\U6074901\AppData\L...}, networkConnectionEnabled: false, pageLoadStrategy: normal, platformName: windows, proxy: Proxy(), se:cdp: ws://localhost:56693/devtoo..., se:cdpVersion: 118.0.2088.46, setWindowRect: true, strictFileInteractability: false, timeouts: {implicit: 0, pageLoad: 300000, script: 30000}, unhandledPromptBehavior: dismiss and notify, webauthn:extension:credBlob: true, webauthn:extension:largeBlob: true, webauthn:extension:minPinLength: true, webauthn:extension:prf: true, webauthn:virtualAuthenticators: true}
Session ID: 099f2a7cc6c3edf69a7ce874350b1d93
]]></system-out>
  </testcase>
  <testcase name="userCannotLogInWithRandomData" classname="Tests.LoginTest" time="42.053">
    <system-out><![CDATA[org.openqa.selenium.NoSuchElementException: no such element: Unable to locate element: {"method":"css selector","selector":"#shopping_cart_container"}
  (Session info: MicrosoftEdge=118.0.2088.46)
For documentation on this error, please visit: https://www.selenium.dev/documentation/webdriver/troubleshooting/errors#no-such-element-exception
Build info: version: '4.14.0', revision: 'e5a96349ce'
System info: os.name: 'Windows 10', os.arch: 'amd64', os.version: '10.0', java.version: '21'
Driver info: org.openqa.selenium.edge.EdgeDriver
Command: [2ea54228966a57343976a131ebb1beaa, findElement {using=id, value=shopping_cart_container}]
Capabilities {acceptInsecureCerts: false, browserName: msedge, browserVersion: 118.0.2088.46, fedcm:accounts: true, ms:edgeOptions: {debuggerAddress: localhost:56754}, msedge: {msedgedriverVersion: 118.0.2088.46 (175bd6acfc46..., userDataDir: C:\Users\U6074901\AppData\L...}, networkConnectionEnabled: false, pageLoadStrategy: normal, platformName: windows, proxy: Proxy(), se:cdp: ws://localhost:56754/devtoo..., se:cdpVersion: 118.0.2088.46, setWindowRect: true, strictFileInteractability: false, timeouts: {implicit: 0, pageLoad: 300000, script: 30000}, unhandledPromptBehavior: dismiss and notify, webauthn:extension:credBlob: true, webauthn:extension:largeBlob: true, webauthn:extension:minPinLength: true, webauthn:extension:prf: true, webauthn:virtualAuthenticators: true}
Session ID: 2ea54228966a57343976a131ebb1beaa
org.openqa.selenium.NoSuchElementException: no such element: Unable to locate element: {"method":"css selector","selector":".product_sort_container"}
  (Session info: MicrosoftEdge=118.0.2088.46)
For documentation on this error, please visit: https://www.selenium.dev/documentation/webdriver/troubleshooting/errors#no-such-element-exception
Build info: version: '4.14.0', revision: 'e5a96349ce'
System info: os.name: 'Windows 10', os.arch: 'amd64', os.version: '10.0', java.version: '21'
Driver info: org.openqa.selenium.edge.EdgeDriver
Command: [2ea54228966a57343976a131ebb1beaa, findElement {using=class name, value=product_sort_container}]
Capabilities {acceptInsecureCerts: false, browserName: msedge, browserVersion: 118.0.2088.46, fedcm:accounts: true, ms:edgeOptions: {debuggerAddress: localhost:56754}, msedge: {msedgedriverVersion: 118.0.2088.46 (175bd6acfc46..., userDataDir: C:\Users\U6074901\AppData\L...}, networkConnectionEnabled: false, pageLoadStrategy: normal, platformName: windows, proxy: Proxy(), se:cdp: ws://localhost:56754/devtoo..., se:cdpVersion: 118.0.2088.46, setWindowRect: true, strictFileInteractability: false, timeouts: {implicit: 0, pageLoad: 300000, script: 30000}, unhandledPromptBehavior: dismiss and notify, webauthn:extension:credBlob: true, webauthn:extension:largeBlob: true, webauthn:extension:minPinLength: true, webauthn:extension:prf: true, webauthn:virtualAuthenticators: true}
Session ID: 2ea54228966a57343976a131ebb1beaa
org.openqa.selenium.NoSuchElementException: no such element: Unable to locate element: {"method":"css selector","selector":"#shopping_cart_container"}
  (Session info: MicrosoftEdge=118.0.2088.46)
For documentation on this error, please visit: https://www.selenium.dev/documentation/webdriver/troubleshooting/errors#no-such-element-exception
Build info: version: '4.14.0', revision: 'e5a96349ce'
System info: os.name: 'Windows 10', os.arch: 'amd64', os.version: '10.0', java.version: '21'
Driver info: org.openqa.selenium.edge.EdgeDriver
Command: [2ea54228966a57343976a131ebb1beaa, findElement {using=id, value=shopping_cart_container}]
Capabilities {acceptInsecureCerts: false, browserName: msedge, browserVersion: 118.0.2088.46, fedcm:accounts: true, ms:edgeOptions: {debuggerAddress: localhost:56754}, msedge: {msedgedriverVersion: 118.0.2088.46 (175bd6acfc46..., userDataDir: C:\Users\U6074901\AppData\L...}, networkConnectionEnabled: false, pageLoadStrategy: normal, platformName: windows, proxy: Proxy(), se:cdp: ws://localhost:56754/devtoo..., se:cdpVersion: 118.0.2088.46, setWindowRect: true, strictFileInteractability: false, timeouts: {implicit: 0, pageLoad: 300000, script: 30000}, unhandledPromptBehavior: dismiss and notify, webauthn:extension:credBlob: true, webauthn:extension:largeBlob: true, webauthn:extension:minPinLength: true, webauthn:extension:prf: true, webauthn:virtualAuthenticators: true}
Session ID: 2ea54228966a57343976a131ebb1beaa
org.openqa.selenium.NoSuchElementException: no such element: Unable to locate element: {"method":"css selector","selector":".product_sort_container"}
  (Session info: MicrosoftEdge=118.0.2088.46)
For documentation on this error, please visit: https://www.selenium.dev/documentation/webdriver/troubleshooting/errors#no-such-element-exception
Build info: version: '4.14.0', revision: 'e5a96349ce'
System info: os.name: 'Windows 10', os.arch: 'amd64', os.version: '10.0', java.version: '21'
Driver info: org.openqa.selenium.edge.EdgeDriver
Command: [2ea54228966a57343976a131ebb1beaa, findElement {using=class name, value=product_sort_container}]
Capabilities {acceptInsecureCerts: false, browserName: msedge, browserVersion: 118.0.2088.46, fedcm:accounts: true, ms:edgeOptions: {debuggerAddress: localhost:56754}, msedge: {msedgedriverVersion: 118.0.2088.46 (175bd6acfc46..., userDataDir: C:\Users\U6074901\AppData\L...}, networkConnectionEnabled: false, pageLoadStrategy: normal, platformName: windows, proxy: Proxy(), se:cdp: ws://localhost:56754/devtoo..., se:cdpVersion: 118.0.2088.46, setWindowRect: true, strictFileInteractability: false, timeouts: {implicit: 0, pageLoad: 300000, script: 30000}, unhandledPromptBehavior: dismiss and notify, webauthn:extension:credBlob: true, webauthn:extension:largeBlob: true, webauthn:extension:minPinLength: true, webauthn:extension:prf: true, webauthn:virtualAuthenticators: true}
Session ID: 2ea54228966a57343976a131ebb1beaa
org.openqa.selenium.NoSuchElementException: no such element: Unable to locate element: {"method":"css selector","selector":"#shopping_cart_container"}
  (Session info: MicrosoftEdge=118.0.2088.46)
For documentation on this error, please visit: https://www.selenium.dev/documentation/webdriver/troubleshooting/errors#no-such-element-exception
Build info: version: '4.14.0', revision: 'e5a96349ce'
System info: os.name: 'Windows 10', os.arch: 'amd64', os.version: '10.0', java.version: '21'
Driver info: org.openqa.selenium.edge.EdgeDriver
Command: [2ea54228966a57343976a131ebb1beaa, findElement {using=id, value=shopping_cart_container}]
Capabilities {acceptInsecureCerts: false, browserName: msedge, browserVersion: 118.0.2088.46, fedcm:accounts: true, ms:edgeOptions: {debuggerAddress: localhost:56754}, msedge: {msedgedriverVersion: 118.0.2088.46 (175bd6acfc46..., userDataDir: C:\Users\U6074901\AppData\L...}, networkConnectionEnabled: false, pageLoadStrategy: normal, platformName: windows, proxy: Proxy(), se:cdp: ws://localhost:56754/devtoo..., se:cdpVersion: 118.0.2088.46, setWindowRect: true, strictFileInteractability: false, timeouts: {implicit: 0, pageLoad: 300000, script: 30000}, unhandledPromptBehavior: dismiss and notify, webauthn:extension:credBlob: true, webauthn:extension:largeBlob: true, webauthn:extension:minPinLength: true, webauthn:extension:prf: true, webauthn:virtualAuthenticators: true}
Session ID: 2ea54228966a57343976a131ebb1beaa
org.openqa.selenium.NoSuchElementException: no such element: Unable to locate element: {"method":"css selector","selector":".product_sort_container"}
  (Session info: MicrosoftEdge=118.0.2088.46)
For documentation on this error, please visit: https://www.selenium.dev/documentation/webdriver/troubleshooting/errors#no-such-element-exception
Build info: version: '4.14.0', revision: 'e5a96349ce'
System info: os.name: 'Windows 10', os.arch: 'amd64', os.version: '10.0', java.version: '21'
Driver info: org.openqa.selenium.edge.EdgeDriver
Command: [2ea54228966a57343976a131ebb1beaa, findElement {using=class name, value=product_sort_container}]
Capabilities {acceptInsecureCerts: false, browserName: msedge, browserVersion: 118.0.2088.46, fedcm:accounts: true, ms:edgeOptions: {debuggerAddress: localhost:56754}, msedge: {msedgedriverVersion: 118.0.2088.46 (175bd6acfc46..., userDataDir: C:\Users\U6074901\AppData\L...}, networkConnectionEnabled: false, pageLoadStrategy: normal, platformName: windows, proxy: Proxy(), se:cdp: ws://localhost:56754/devtoo..., se:cdpVersion: 118.0.2088.46, setWindowRect: true, strictFileInteractability: false, timeouts: {implicit: 0, pageLoad: 300000, script: 30000}, unhandledPromptBehavior: dismiss and notify, webauthn:extension:credBlob: true, webauthn:extension:largeBlob: true, webauthn:extension:minPinLength: true, webauthn:extension:prf: true, webauthn:virtualAuthenticators: true}
Session ID: 2ea54228966a57343976a131ebb1beaa
org.openqa.selenium.NoSuchElementException: no such element: Unable to locate element: {"method":"css selector","selector":"#shopping_cart_container"}
  (Session info: MicrosoftEdge=118.0.2088.46)
For documentation on this error, please visit: https://www.selenium.dev/documentation/webdriver/troubleshooting/errors#no-such-element-exception
Build info: version: '4.14.0', revision: 'e5a96349ce'
System info: os.name: 'Windows 10', os.arch: 'amd64', os.version: '10.0', java.version: '21'
Driver info: org.openqa.selenium.edge.EdgeDriver
Command: [2ea54228966a57343976a131ebb1beaa, findElement {using=id, value=shopping_cart_container}]
Capabilities {acceptInsecureCerts: false, browserName: msedge, browserVersion: 118.0.2088.46, fedcm:accounts: true, ms:edgeOptions: {debuggerAddress: localhost:56754}, msedge: {msedgedriverVersion: 118.0.2088.46 (175bd6acfc46..., userDataDir: C:\Users\U6074901\AppData\L...}, networkConnectionEnabled: false, pageLoadStrategy: normal, platformName: windows, proxy: Proxy(), se:cdp: ws://localhost:56754/devtoo..., se:cdpVersion: 118.0.2088.46, setWindowRect: true, strictFileInteractability: false, timeouts: {implicit: 0, pageLoad: 300000, script: 30000}, unhandledPromptBehavior: dismiss and notify, webauthn:extension:credBlob: true, webauthn:extension:largeBlob: true, webauthn:extension:minPinLength: true, webauthn:extension:prf: true, webauthn:virtualAuthenticators: true}
Session ID: 2ea54228966a57343976a131ebb1beaa
org.openqa.selenium.NoSuchElementException: no such element: Unable to locate element: {"method":"css selector","selector":".product_sort_container"}
  (Session info: MicrosoftEdge=118.0.2088.46)
For documentation on this error, please visit: https://www.selenium.dev/documentation/webdriver/troubleshooting/errors#no-such-element-exception
Build info: version: '4.14.0', revision: 'e5a96349ce'
System info: os.name: 'Windows 10', os.arch: 'amd64', os.version: '10.0', java.version: '21'
Driver info: org.openqa.selenium.edge.EdgeDriver
Command: [2ea54228966a57343976a131ebb1beaa, findElement {using=class name, value=product_sort_container}]
Capabilities {acceptInsecureCerts: false, browserName: msedge, browserVersion: 118.0.2088.46, fedcm:accounts: true, ms:edgeOptions: {debuggerAddress: localhost:56754}, msedge: {msedgedriverVersion: 118.0.2088.46 (175bd6acfc46..., userDataDir: C:\Users\U6074901\AppData\L...}, networkConnectionEnabled: false, pageLoadStrategy: normal, platformName: windows, proxy: Proxy(), se:cdp: ws://localhost:56754/devtoo..., se:cdpVersion: 118.0.2088.46, setWindowRect: true, strictFileInteractability: false, timeouts: {implicit: 0, pageLoad: 300000, script: 30000}, unhandledPromptBehavior: dismiss and notify, webauthn:extension:credBlob: true, webauthn:extension:largeBlob: true, webauthn:extension:minPinLength: true, webauthn:extension:prf: true, webauthn:virtualAuthenticators: true}
Session ID: 2ea54228966a57343976a131ebb1beaa
org.openqa.selenium.NoSuchElementException: no such element: Unable to locate element: {"method":"css selector","selector":"#shopping_cart_container"}
  (Session info: MicrosoftEdge=118.0.2088.46)
For documentation on this error, please visit: https://www.selenium.dev/documentation/webdriver/troubleshooting/errors#no-such-element-exception
Build info: version: '4.14.0', revision: 'e5a96349ce'
System info: os.name: 'Windows 10', os.arch: 'amd64', os.version: '10.0', java.version: '21'
Driver info: org.openqa.selenium.edge.EdgeDriver
Command: [2ea54228966a57343976a131ebb1beaa, findElement {using=id, value=shopping_cart_container}]
Capabilities {acceptInsecureCerts: false, browserName: msedge, browserVersion: 118.0.2088.46, fedcm:accounts: true, ms:edgeOptions: {debuggerAddress: localhost:56754}, msedge: {msedgedriverVersion: 118.0.2088.46 (175bd6acfc46..., userDataDir: C:\Users\U6074901\AppData\L...}, networkConnectionEnabled: false, pageLoadStrategy: normal, platformName: windows, proxy: Proxy(), se:cdp: ws://localhost:56754/devtoo..., se:cdpVersion: 118.0.2088.46, setWindowRect: true, strictFileInteractability: false, timeouts: {implicit: 0, pageLoad: 300000, script: 30000}, unhandledPromptBehavior: dismiss and notify, webauthn:extension:credBlob: true, webauthn:extension:largeBlob: true, webauthn:extension:minPinLength: true, webauthn:extension:prf: true, webauthn:virtualAuthenticators: true}
Session ID: 2ea54228966a57343976a131ebb1beaa
org.openqa.selenium.NoSuchElementException: no such element: Unable to locate element: {"method":"css selector","selector":".product_sort_container"}
  (Session info: MicrosoftEdge=118.0.2088.46)
For documentation on this error, please visit: https://www.selenium.dev/documentation/webdriver/troubleshooting/errors#no-such-element-exception
Build info: version: '4.14.0', revision: 'e5a96349ce'
System info: os.name: 'Windows 10', os.arch: 'amd64', os.version: '10.0', java.version: '21'
Driver info: org.openqa.selenium.edge.EdgeDriver
Command: [2ea54228966a57343976a131ebb1beaa, findElement {using=class name, value=product_sort_container}]
Capabilities {acceptInsecureCerts: false, browserName: msedge, browserVersion: 118.0.2088.46, fedcm:accounts: true, ms:edgeOptions: {debuggerAddress: localhost:56754}, msedge: {msedgedriverVersion: 118.0.2088.46 (175bd6acfc46..., userDataDir: C:\Users\U6074901\AppData\L...}, networkConnectionEnabled: false, pageLoadStrategy: normal, platformName: windows, proxy: Proxy(), se:cdp: ws://localhost:56754/devtoo..., se:cdpVersion: 118.0.2088.46, setWindowRect: true, strictFileInteractability: false, timeouts: {implicit: 0, pageLoad: 300000, script: 30000}, unhandledPromptBehavior: dismiss and notify, webauthn:extension:credBlob: true, webauthn:extension:largeBlob: true, webauthn:extension:minPinLength: true, webauthn:extension:prf: true, webauthn:virtualAuthenticators: true}
Session ID: 2ea54228966a57343976a131ebb1beaa
org.openqa.selenium.NoSuchElementException: no such element: Unable to locate element: {"method":"css selector","selector":"#shopping_cart_container"}
  (Session info: MicrosoftEdge=118.0.2088.46)
For documentation on this error, please visit: https://www.selenium.dev/documentation/webdriver/troubleshooting/errors#no-such-element-exception
Build info: version: '4.14.0', revision: 'e5a96349ce'
System info: os.name: 'Windows 10', os.arch: 'amd64', os.version: '10.0', java.version: '21'
Driver info: org.openqa.selenium.edge.EdgeDriver
Command: [2ea54228966a57343976a131ebb1beaa, findElement {using=id, value=shopping_cart_container}]
Capabilities {acceptInsecureCerts: false, browserName: msedge, browserVersion: 118.0.2088.46, fedcm:accounts: true, ms:edgeOptions: {debuggerAddress: localhost:56754}, msedge: {msedgedriverVersion: 118.0.2088.46 (175bd6acfc46..., userDataDir: C:\Users\U6074901\AppData\L...}, networkConnectionEnabled: false, pageLoadStrategy: normal, platformName: windows, proxy: Proxy(), se:cdp: ws://localhost:56754/devtoo..., se:cdpVersion: 118.0.2088.46, setWindowRect: true, strictFileInteractability: false, timeouts: {implicit: 0, pageLoad: 300000, script: 30000}, unhandledPromptBehavior: dismiss and notify, webauthn:extension:credBlob: true, webauthn:extension:largeBlob: true, webauthn:extension:minPinLength: true, webauthn:extension:prf: true, webauthn:virtualAuthenticators: true}
Session ID: 2ea54228966a57343976a131ebb1beaa
org.openqa.selenium.NoSuchElementException: no such element: Unable to locate element: {"method":"css selector","selector":".product_sort_container"}
  (Session info: MicrosoftEdge=118.0.2088.46)
For documentation on this error, please visit: https://www.selenium.dev/documentation/webdriver/troubleshooting/errors#no-such-element-exception
Build info: version: '4.14.0', revision: 'e5a96349ce'
System info: os.name: 'Windows 10', os.arch: 'amd64', os.version: '10.0', java.version: '21'
Driver info: org.openqa.selenium.edge.EdgeDriver
Command: [2ea54228966a57343976a131ebb1beaa, findElement {using=class name, value=product_sort_container}]
Capabilities {acceptInsecureCerts: false, browserName: msedge, browserVersion: 118.0.2088.46, fedcm:accounts: true, ms:edgeOptions: {debuggerAddress: localhost:56754}, msedge: {msedgedriverVersion: 118.0.2088.46 (175bd6acfc46..., userDataDir: C:\Users\U6074901\AppData\L...}, networkConnectionEnabled: false, pageLoadStrategy: normal, platformName: windows, proxy: Proxy(), se:cdp: ws://localhost:56754/devtoo..., se:cdpVersion: 118.0.2088.46, setWindowRect: true, strictFileInteractability: false, timeouts: {implicit: 0, pageLoad: 300000, script: 30000}, unhandledPromptBehavior: dismiss and notify, webauthn:extension:credBlob: true, webauthn:extension:largeBlob: true, webauthn:extension:minPinLength: true, webauthn:extension:prf: true, webauthn:virtualAuthenticators: true}
Session ID: 2ea54228966a57343976a131ebb1beaa
org.openqa.selenium.NoSuchElementException: no such element: Unable to locate element: {"method":"css selector","selector":"#shopping_cart_container"}
  (Session info: MicrosoftEdge=118.0.2088.46)
For documentation on this error, please visit: https://www.selenium.dev/documentation/webdriver/troubleshooting/errors#no-such-element-exception
Build info: version: '4.14.0', revision: 'e5a96349ce'
System info: os.name: 'Windows 10', os.arch: 'amd64', os.version: '10.0', java.version: '21'
Driver info: org.openqa.selenium.edge.EdgeDriver
Command: [2ea54228966a57343976a131ebb1beaa, findElement {using=id, value=shopping_cart_container}]
Capabilities {acceptInsecureCerts: false, browserName: msedge, browserVersion: 118.0.2088.46, fedcm:accounts: true, ms:edgeOptions: {debuggerAddress: localhost:56754}, msedge: {msedgedriverVersion: 118.0.2088.46 (175bd6acfc46..., userDataDir: C:\Users\U6074901\AppData\L...}, networkConnectionEnabled: false, pageLoadStrategy: normal, platformName: windows, proxy: Proxy(), se:cdp: ws://localhost:56754/devtoo..., se:cdpVersion: 118.0.2088.46, setWindowRect: true, strictFileInteractability: false, timeouts: {implicit: 0, pageLoad: 300000, script: 30000}, unhandledPromptBehavior: dismiss and notify, webauthn:extension:credBlob: true, webauthn:extension:largeBlob: true, webauthn:extension:minPinLength: true, webauthn:extension:prf: true, webauthn:virtualAuthenticators: true}
Session ID: 2ea54228966a57343976a131ebb1beaa
org.openqa.selenium.NoSuchElementException: no such element: Unable to locate element: {"method":"css selector","selector":".product_sort_container"}
  (Session info: MicrosoftEdge=118.0.2088.46)
For documentation on this error, please visit: https://www.selenium.dev/documentation/webdriver/troubleshooting/errors#no-such-element-exception
Build info: version: '4.14.0', revision: 'e5a96349ce'
System info: os.name: 'Windows 10', os.arch: 'amd64', os.version: '10.0', java.version: '21'
Driver info: org.openqa.selenium.edge.EdgeDriver
Command: [2ea54228966a57343976a131ebb1beaa, findElement {using=class name, value=product_sort_container}]
Capabilities {acceptInsecureCerts: false, browserName: msedge, browserVersion: 118.0.2088.46, fedcm:accounts: true, ms:edgeOptions: {debuggerAddress: localhost:56754}, msedge: {msedgedriverVersion: 118.0.2088.46 (175bd6acfc46..., userDataDir: C:\Users\U6074901\AppData\L...}, networkConnectionEnabled: false, pageLoadStrategy: normal, platformName: windows, proxy: Proxy(), se:cdp: ws://localhost:56754/devtoo..., se:cdpVersion: 118.0.2088.46, setWindowRect: true, strictFileInteractability: false, timeouts: {implicit: 0, pageLoad: 300000, script: 30000}, unhandledPromptBehavior: dismiss and notify, webauthn:extension:credBlob: true, webauthn:extension:largeBlob: true, webauthn:extension:minPinLength: true, webauthn:extension:prf: true, webauthn:virtualAuthenticators: true}
Session ID: 2ea54228966a57343976a131ebb1beaa
org.openqa.selenium.NoSuchElementException: no such element: Unable to locate element: {"method":"css selector","selector":"#shopping_cart_container"}
  (Session info: MicrosoftEdge=118.0.2088.46)
For documentation on this error, please visit: https://www.selenium.dev/documentation/webdriver/troubleshooting/errors#no-such-element-exception
Build info: version: '4.14.0', revision: 'e5a96349ce'
System info: os.name: 'Windows 10', os.arch: 'amd64', os.version: '10.0', java.version: '21'
Driver info: org.openqa.selenium.edge.EdgeDriver
Command: [2ea54228966a57343976a131ebb1beaa, findElement {using=id, value=shopping_cart_container}]
Capabilities {acceptInsecureCerts: false, browserName: msedge, browserVersion: 118.0.2088.46, fedcm:accounts: true, ms:edgeOptions: {debuggerAddress: localhost:56754}, msedge: {msedgedriverVersion: 118.0.2088.46 (175bd6acfc46..., userDataDir: C:\Users\U6074901\AppData\L...}, networkConnectionEnabled: false, pageLoadStrategy: normal, platformName: windows, proxy: Proxy(), se:cdp: ws://localhost:56754/devtoo..., se:cdpVersion: 118.0.2088.46, setWindowRect: true, strictFileInteractability: false, timeouts: {implicit: 0, pageLoad: 300000, script: 30000}, unhandledPromptBehavior: dismiss and notify, webauthn:extension:credBlob: true, webauthn:extension:largeBlob: true, webauthn:extension:minPinLength: true, webauthn:extension:prf: true, webauthn:virtualAuthenticators: true}
Session ID: 2ea54228966a57343976a131ebb1beaa
org.openqa.selenium.NoSuchElementException: no such element: Unable to locate element: {"method":"css selector","selector":".product_sort_container"}
  (Session info: MicrosoftEdge=118.0.2088.46)
For documentation on this error, please visit: https://www.selenium.dev/documentation/webdriver/troubleshooting/errors#no-such-element-exception
Build info: version: '4.14.0', revision: 'e5a96349ce'
System info: os.name: 'Windows 10', os.arch: 'amd64', os.version: '10.0', java.version: '21'
Driver info: org.openqa.selenium.edge.EdgeDriver
Command: [2ea54228966a57343976a131ebb1beaa, findElement {using=class name, value=product_sort_container}]
Capabilities {acceptInsecureCerts: false, browserName: msedge, browserVersion: 118.0.2088.46, fedcm:accounts: true, ms:edgeOptions: {debuggerAddress: localhost:56754}, msedge: {msedgedriverVersion: 118.0.2088.46 (175bd6acfc46..., userDataDir: C:\Users\U6074901\AppData\L...}, networkConnectionEnabled: false, pageLoadStrategy: normal, platformName: windows, proxy: Proxy(), se:cdp: ws://localhost:56754/devtoo..., se:cdpVersion: 118.0.2088.46, setWindowRect: true, strictFileInteractability: false, timeouts: {implicit: 0, pageLoad: 300000, script: 30000}, unhandledPromptBehavior: dismiss and notify, webauthn:extension:credBlob: true, webauthn:extension:largeBlob: true, webauthn:extension:minPinLength: true, webauthn:extension:prf: true, webauthn:virtualAuthenticators: true}
Session ID: 2ea54228966a57343976a131ebb1beaa
org.openqa.selenium.NoSuchElementException: no such element: Unable to locate element: {"method":"css selector","selector":"#shopping_cart_container"}
  (Session info: MicrosoftEdge=118.0.2088.46)
For documentation on this error, please visit: https://www.selenium.dev/documentation/webdriver/troubleshooting/errors#no-such-element-exception
Build info: version: '4.14.0', revision: 'e5a96349ce'
System info: os.name: 'Windows 10', os.arch: 'amd64', os.version: '10.0', java.version: '21'
Driver info: org.openqa.selenium.edge.EdgeDriver
Command: [2ea54228966a57343976a131ebb1beaa, findElement {using=id, value=shopping_cart_container}]
Capabilities {acceptInsecureCerts: false, browserName: msedge, browserVersion: 118.0.2088.46, fedcm:accounts: true, ms:edgeOptions: {debuggerAddress: localhost:56754}, msedge: {msedgedriverVersion: 118.0.2088.46 (175bd6acfc46..., userDataDir: C:\Users\U6074901\AppData\L...}, networkConnectionEnabled: false, pageLoadStrategy: normal, platformName: windows, proxy: Proxy(), se:cdp: ws://localhost:56754/devtoo..., se:cdpVersion: 118.0.2088.46, setWindowRect: true, strictFileInteractability: false, timeouts: {implicit: 0, pageLoad: 300000, script: 30000}, unhandledPromptBehavior: dismiss and notify, webauthn:extension:credBlob: true, webauthn:extension:largeBlob: true, webauthn:extension:minPinLength: true, webauthn:extension:prf: true, webauthn:virtualAuthenticators: true}
Session ID: 2ea54228966a57343976a131ebb1beaa
org.openqa.selenium.NoSuchElementException: no such element: Unable to locate element: {"method":"css selector","selector":".product_sort_container"}
  (Session info: MicrosoftEdge=118.0.2088.46)
For documentation on this error, please visit: https://www.selenium.dev/documentation/webdriver/troubleshooting/errors#no-such-element-exception
Build info: version: '4.14.0', revision: 'e5a96349ce'
System info: os.name: 'Windows 10', os.arch: 'amd64', os.version: '10.0', java.version: '21'
Driver info: org.openqa.selenium.edge.EdgeDriver
Command: [2ea54228966a57343976a131ebb1beaa, findElement {using=class name, value=product_sort_container}]
Capabilities {acceptInsecureCerts: false, browserName: msedge, browserVersion: 118.0.2088.46, fedcm:accounts: true, ms:edgeOptions: {debuggerAddress: localhost:56754}, msedge: {msedgedriverVersion: 118.0.2088.46 (175bd6acfc46..., userDataDir: C:\Users\U6074901\AppData\L...}, networkConnectionEnabled: false, pageLoadStrategy: normal, platformName: windows, proxy: Proxy(), se:cdp: ws://localhost:56754/devtoo..., se:cdpVersion: 118.0.2088.46, setWindowRect: true, strictFileInteractability: false, timeouts: {implicit: 0, pageLoad: 300000, script: 30000}, unhandledPromptBehavior: dismiss and notify, webauthn:extension:credBlob: true, webauthn:extension:largeBlob: true, webauthn:extension:minPinLength: true, webauthn:extension:prf: true, webauthn:virtualAuthenticators: true}
Session ID: 2ea54228966a57343976a131ebb1beaa
org.openqa.selenium.NoSuchElementException: no such element: Unable to locate element: {"method":"css selector","selector":"#shopping_cart_container"}
  (Session info: MicrosoftEdge=118.0.2088.46)
For documentation on this error, please visit: https://www.selenium.dev/documentation/webdriver/troubleshooting/errors#no-such-element-exception
Build info: version: '4.14.0', revision: 'e5a96349ce'
System info: os.name: 'Windows 10', os.arch: 'amd64', os.version: '10.0', java.version: '21'
Driver info: org.openqa.selenium.edge.EdgeDriver
Command: [2ea54228966a57343976a131ebb1beaa, findElement {using=id, value=shopping_cart_container}]
Capabilities {acceptInsecureCerts: false, browserName: msedge, browserVersion: 118.0.2088.46, fedcm:accounts: true, ms:edgeOptions: {debuggerAddress: localhost:56754}, msedge: {msedgedriverVersion: 118.0.2088.46 (175bd6acfc46..., userDataDir: C:\Users\U6074901\AppData\L...}, networkConnectionEnabled: false, pageLoadStrategy: normal, platformName: windows, proxy: Proxy(), se:cdp: ws://localhost:56754/devtoo..., se:cdpVersion: 118.0.2088.46, setWindowRect: true, strictFileInteractability: false, timeouts: {implicit: 0, pageLoad: 300000, script: 30000}, unhandledPromptBehavior: dismiss and notify, webauthn:extension:credBlob: true, webauthn:extension:largeBlob: true, webauthn:extension:minPinLength: true, webauthn:extension:prf: true, webauthn:virtualAuthenticators: true}
Session ID: 2ea54228966a57343976a131ebb1beaa
org.openqa.selenium.NoSuchElementException: no such element: Unable to locate element: {"method":"css selector","selector":".product_sort_container"}
  (Session info: MicrosoftEdge=118.0.2088.46)
For documentation on this error, please visit: https://www.selenium.dev/documentation/webdriver/troubleshooting/errors#no-such-element-exception
Build info: version: '4.14.0', revision: 'e5a96349ce'
System info: os.name: 'Windows 10', os.arch: 'amd64', os.version: '10.0', java.version: '21'
Driver info: org.openqa.selenium.edge.EdgeDriver
Command: [2ea54228966a57343976a131ebb1beaa, findElement {using=class name, value=product_sort_container}]
Capabilities {acceptInsecureCerts: false, browserName: msedge, browserVersion: 118.0.2088.46, fedcm:accounts: true, ms:edgeOptions: {debuggerAddress: localhost:56754}, msedge: {msedgedriverVersion: 118.0.2088.46 (175bd6acfc46..., userDataDir: C:\Users\U6074901\AppData\L...}, networkConnectionEnabled: false, pageLoadStrategy: normal, platformName: windows, proxy: Proxy(), se:cdp: ws://localhost:56754/devtoo..., se:cdpVersion: 118.0.2088.46, setWindowRect: true, strictFileInteractability: false, timeouts: {implicit: 0, pageLoad: 300000, script: 30000}, unhandledPromptBehavior: dismiss and notify, webauthn:extension:credBlob: true, webauthn:extension:largeBlob: true, webauthn:extension:minPinLength: true, webauthn:extension:prf: true, webauthn:virtualAuthenticators: true}
Session ID: 2ea54228966a57343976a131ebb1beaa
]]></system-out>
  </testcase>
</testsuite>