<?xml version="1.0" encoding="UTF-8"?>
<testng-results ignored="0" total="26" passed="26" failed="0" skipped="0">
  <reporter-output>
  </reporter-output>
  <suite started-at="2023-10-17T14:25:20 CEST" name="Surefire suite" finished-at="2023-10-17T14:26:48 CEST" duration-ms="88072">
    <groups>
    </groups>
    <test started-at="2023-10-17T14:25:20 CEST" name="Surefire test" finished-at="2023-10-17T14:26:48 CEST" duration-ms="88072">
      <class name="Tests.CartTest">
        <test-method is-config="true" signature="setUp()[pri:0, instance:Tests.CartTest@48ae9b55]" started-at="2023-10-17T14:25:20 CEST" name="setUp" finished-at="2023-10-17T14:25:21 CEST" duration-ms="379" status="PASS">
          <reporter-output>
          </reporter-output>
        </test-method> <!-- setUp -->
        <test-method is-config="true" signature="driverSetUp()[pri:0, instance:Tests.CartTest@48ae9b55]" started-at="2023-10-17T14:25:21 CEST" name="driverSetUp" finished-at="2023-10-17T14:25:23 CEST" duration-ms="2034" status="PASS">
          <reporter-output>
          </reporter-output>
        </test-method> <!-- driverSetUp -->
        <test-method is-config="true" signature="pageSetUp()[pri:0, instance:Tests.CartTest@48ae9b55]" started-at="2023-10-17T14:25:23 CEST" name="pageSetUp" finished-at="2023-10-17T14:25:23 CEST" duration-ms="232" status="PASS">
          <reporter-output>
          </reporter-output>
        </test-method> <!-- pageSetUp -->
        <test-method signature="addItemToCart()[pri:10, instance:Tests.CartTest@48ae9b55]" started-at="2023-10-17T14:25:23 CEST" name="addItemToCart" finished-at="2023-10-17T14:25:24 CEST" duration-ms="1196" status="PASS">
          <reporter-output>
          </reporter-output>
        </test-method> <!-- addItemToCart -->
        <test-method is-config="true" signature="clearCart()[pri:0, instance:Tests.CartTest@48ae9b55]" started-at="2023-10-17T14:25:24 CEST" name="clearCart" finished-at="2023-10-17T14:25:25 CEST" duration-ms="1092" status="PASS">
          <reporter-output>
          </reporter-output>
        </test-method> <!-- clearCart -->
        <test-method is-config="true" signature="tearDown(org.testng.ITestResult)[pri:0, instance:Tests.CartTest@48ae9b55]" started-at="2023-10-17T14:25:25 CEST" name="tearDown" finished-at="2023-10-17T14:25:25 CEST" duration-ms="118" status="PASS">
          <params>
            <param index="0">
              <value>
                <![CDATA[[TestResult name=addItemToCart status=SUCCESS method=CartTest.addItemToCart()[pri:10, instance:Tests.CartTest@48ae9b55] output={null}]]]>
              </value>
            </param>
          </params>
          <reporter-output>
          </reporter-output>
        </test-method> <!-- tearDown -->
        <test-method is-config="true" signature="driverSetUp()[pri:0, instance:Tests.CartTest@48ae9b55]" started-at="2023-10-17T14:25:25 CEST" name="driverSetUp" finished-at="2023-10-17T14:25:27 CEST" duration-ms="1485" status="PASS">
          <reporter-output>
          </reporter-output>
        </test-method> <!-- driverSetUp -->
        <test-method is-config="true" signature="pageSetUp()[pri:0, instance:Tests.CartTest@48ae9b55]" started-at="2023-10-17T14:25:27 CEST" name="pageSetUp" finished-at="2023-10-17T14:25:27 CEST" duration-ms="211" status="PASS">
          <reporter-output>
          </reporter-output>
        </test-method> <!-- pageSetUp -->
        <test-method signature="itemCanBeRemovedFromCart()[pri:20, instance:Tests.CartTest@48ae9b55]" started-at="2023-10-17T14:25:27 CEST" name="itemCanBeRemovedFromCart" finished-at="2023-10-17T14:25:31 CEST" duration-ms="4241" status="PASS">
          <reporter-output>
          </reporter-output>
        </test-method> <!-- itemCanBeRemovedFromCart -->
        <test-method is-config="true" signature="clearCart()[pri:0, instance:Tests.CartTest@48ae9b55]" started-at="2023-10-17T14:25:31 CEST" name="clearCart" finished-at="2023-10-17T14:25:33 CEST" duration-ms="2056" status="PASS">
          <reporter-output>
          </reporter-output>
        </test-method> <!-- clearCart -->
        <test-method is-config="true" signature="tearDown(org.testng.ITestResult)[pri:0, instance:Tests.CartTest@48ae9b55]" started-at="2023-10-17T14:25:33 CEST" name="tearDown" finished-at="2023-10-17T14:25:34 CEST" duration-ms="119" status="PASS">
          <params>
            <param index="0">
              <value>
                <![CDATA[[TestResult name=itemCanBeRemovedFromCart status=SUCCESS method=CartTest.itemCanBeRemovedFromCart()[pri:20, instance:Tests.CartTest@48ae9b55] output={null}]]]>
              </value>
            </param>
          </params>
          <reporter-output>
          </reporter-output>
        </test-method> <!-- tearDown -->
        <test-method is-config="true" signature="driverSetUp()[pri:0, instance:Tests.CartTest@48ae9b55]" started-at="2023-10-17T14:25:34 CEST" name="driverSetUp" finished-at="2023-10-17T14:25:35 CEST" duration-ms="1779" status="PASS">
          <reporter-output>
          </reporter-output>
        </test-method> <!-- driverSetUp -->
        <test-method is-config="true" signature="pageSetUp()[pri:0, instance:Tests.CartTest@48ae9b55]" started-at="2023-10-17T14:25:35 CEST" name="pageSetUp" finished-at="2023-10-17T14:25:36 CEST" duration-ms="206" status="PASS">
          <reporter-output>
          </reporter-output>
        </test-method> <!-- pageSetUp -->
        <test-method signature="multipleItemsCaneBeAddedToCart()[pri:30, instance:Tests.CartTest@48ae9b55]" started-at="2023-10-17T14:25:36 CEST" name="multipleItemsCaneBeAddedToCart" finished-at="2023-10-17T14:25:37 CEST" duration-ms="1339" status="PASS">
          <reporter-output>
          </reporter-output>
        </test-method> <!-- multipleItemsCaneBeAddedToCart -->
        <test-method is-config="true" signature="clearCart()[pri:0, instance:Tests.CartTest@48ae9b55]" started-at="2023-10-17T14:25:37 CEST" name="clearCart" finished-at="2023-10-17T14:25:38 CEST" duration-ms="1136" status="PASS">
          <reporter-output>
          </reporter-output>
        </test-method> <!-- clearCart -->
        <test-method is-config="true" signature="tearDown(org.testng.ITestResult)[pri:0, instance:Tests.CartTest@48ae9b55]" started-at="2023-10-17T14:25:38 CEST" name="tearDown" finished-at="2023-10-17T14:25:38 CEST" duration-ms="181" status="PASS">
          <params>
            <param index="0">
              <value>
                <![CDATA[[TestResult name=multipleItemsCaneBeAddedToCart status=SUCCESS method=CartTest.multipleItemsCaneBeAddedToCart()[pri:30, instance:Tests.CartTest@48ae9b55] output={null}]]]>
              </value>
            </param>
          </params>
          <reporter-output>
          </reporter-output>
        </test-method> <!-- tearDown -->
        <test-method is-config="true" signature="driverSetUp()[pri:0, instance:Tests.CartTest@48ae9b55]" started-at="2023-10-17T14:25:38 CEST" name="driverSetUp" finished-at="2023-10-17T14:25:40 CEST" duration-ms="1343" status="PASS">
          <reporter-output>
          </reporter-output>
        </test-method> <!-- driverSetUp -->
        <test-method is-config="true" signature="pageSetUp()[pri:0, instance:Tests.CartTest@48ae9b55]" started-at="2023-10-17T14:25:40 CEST" name="pageSetUp" finished-at="2023-10-17T14:25:40 CEST" duration-ms="212" status="PASS">
          <reporter-output>
          </reporter-output>
        </test-method> <!-- pageSetUp -->
        <test-method signature="userCanContinueShopping()[pri:40, instance:Tests.CartTest@48ae9b55]" started-at="2023-10-17T14:25:40 CEST" name="userCanContinueShopping" finished-at="2023-10-17T14:25:40 CEST" duration-ms="278" status="PASS">
          <reporter-output>
          </reporter-output>
        </test-method> <!-- userCanContinueShopping -->
        <test-method is-config="true" signature="clearCart()[pri:0, instance:Tests.CartTest@48ae9b55]" started-at="2023-10-17T14:25:40 CEST" name="clearCart" finished-at="2023-10-17T14:25:42 CEST" duration-ms="2105" status="PASS">
          <reporter-output>
          </reporter-output>
        </test-method> <!-- clearCart -->
        <test-method is-config="true" signature="tearDown(org.testng.ITestResult)[pri:0, instance:Tests.CartTest@48ae9b55]" started-at="2023-10-17T14:25:42 CEST" name="tearDown" finished-at="2023-10-17T14:25:42 CEST" duration-ms="120" status="PASS">
          <params>
            <param index="0">
              <value>
                <![CDATA[[TestResult name=userCanContinueShopping status=SUCCESS method=CartTest.userCanContinueShopping()[pri:40, instance:Tests.CartTest@48ae9b55] output={null}]]]>
              </value>
            </param>
          </params>
          <reporter-output>
          </reporter-output>
        </test-method> <!-- tearDown -->
        <test-method is-config="true" signature="killProcesses()[pri:0, instance:Tests.CartTest@48ae9b55]" started-at="2023-10-17T14:25:42 CEST" name="killProcesses" finished-at="2023-10-17T14:25:42 CEST" duration-ms="14" status="PASS">
          <reporter-output>
          </reporter-output>
        </test-method> <!-- killProcesses -->
      </class> <!-- Tests.CartTest -->
      <class name="Tests.CheckoutTest">
        <test-method is-config="true" signature="setUp()[pri:0, instance:Tests.CheckoutTest@4ac3c60d]" started-at="2023-10-17T14:25:42 CEST" name="setUp" finished-at="2023-10-17T14:25:42 CEST" duration-ms="21" status="PASS">
          <reporter-output>
          </reporter-output>
        </test-method> <!-- setUp -->
        <test-method is-config="true" signature="driverSetUp()[pri:0, instance:Tests.CheckoutTest@4ac3c60d]" started-at="2023-10-17T14:25:42 CEST" name="driverSetUp" finished-at="2023-10-17T14:25:44 CEST" duration-ms="1789" status="PASS">
          <reporter-output>
          </reporter-output>
        </test-method> <!-- driverSetUp -->
        <test-method is-config="true" signature="pageSetUp()[pri:0, instance:Tests.CheckoutTest@4ac3c60d]" started-at="2023-10-17T14:25:44 CEST" name="pageSetUp" finished-at="2023-10-17T14:25:44 CEST" duration-ms="208" status="PASS">
          <reporter-output>
          </reporter-output>
        </test-method> <!-- pageSetUp -->
        <test-method signature="allFieldsAreMandatory()[pri:10, instance:Tests.CheckoutTest@4ac3c60d]" started-at="2023-10-17T14:25:44 CEST" name="allFieldsAreMandatory" finished-at="2023-10-17T14:25:45 CEST" duration-ms="231" status="PASS">
          <reporter-output>
          </reporter-output>
        </test-method> <!-- allFieldsAreMandatory -->
        <test-method is-config="true" signature="tearDown(org.testng.ITestResult)[pri:0, instance:Tests.CheckoutTest@4ac3c60d]" started-at="2023-10-17T14:25:45 CEST" name="tearDown" finished-at="2023-10-17T14:25:45 CEST" duration-ms="123" status="PASS">
          <params>
            <param index="0">
              <value>
                <![CDATA[[TestResult name=allFieldsAreMandatory status=SUCCESS method=CheckoutTest.allFieldsAreMandatory()[pri:10, instance:Tests.CheckoutTest@4ac3c60d] output={null}]]]>
              </value>
            </param>
          </params>
          <reporter-output>
          </reporter-output>
        </test-method> <!-- tearDown -->
        <test-method is-config="true" signature="driverSetUp()[pri:0, instance:Tests.CheckoutTest@4ac3c60d]" started-at="2023-10-17T14:25:45 CEST" name="driverSetUp" finished-at="2023-10-17T14:25:46 CEST" duration-ms="1358" status="PASS">
          <reporter-output>
          </reporter-output>
        </test-method> <!-- driverSetUp -->
        <test-method is-config="true" signature="pageSetUp()[pri:0, instance:Tests.CheckoutTest@4ac3c60d]" started-at="2023-10-17T14:25:46 CEST" name="pageSetUp" finished-at="2023-10-17T14:25:46 CEST" duration-ms="215" status="PASS">
          <reporter-output>
          </reporter-output>
        </test-method> <!-- pageSetUp -->
        <test-method signature="firstNameIsMandatory()[pri:20, instance:Tests.CheckoutTest@4ac3c60d]" started-at="2023-10-17T14:25:46 CEST" name="firstNameIsMandatory" finished-at="2023-10-17T14:25:47 CEST" duration-ms="468" status="PASS">
          <reporter-output>
          </reporter-output>
        </test-method> <!-- firstNameIsMandatory -->
        <test-method is-config="true" signature="tearDown(org.testng.ITestResult)[pri:0, instance:Tests.CheckoutTest@4ac3c60d]" started-at="2023-10-17T14:25:47 CEST" name="tearDown" finished-at="2023-10-17T14:25:47 CEST" duration-ms="125" status="PASS">
          <params>
            <param index="0">
              <value>
                <![CDATA[[TestResult name=firstNameIsMandatory status=SUCCESS method=CheckoutTest.firstNameIsMandatory()[pri:20, instance:Tests.CheckoutTest@4ac3c60d] output={null}]]]>
              </value>
            </param>
          </params>
          <reporter-output>
          </reporter-output>
        </test-method> <!-- tearDown -->
        <test-method is-config="true" signature="driverSetUp()[pri:0, instance:Tests.CheckoutTest@4ac3c60d]" started-at="2023-10-17T14:25:47 CEST" name="driverSetUp" finished-at="2023-10-17T14:25:48 CEST" duration-ms="1327" status="PASS">
          <reporter-output>
          </reporter-output>
        </test-method> <!-- driverSetUp -->
        <test-method is-config="true" signature="pageSetUp()[pri:0, instance:Tests.CheckoutTest@4ac3c60d]" started-at="2023-10-17T14:25:48 CEST" name="pageSetUp" finished-at="2023-10-17T14:25:48 CEST" duration-ms="205" status="PASS">
          <reporter-output>
          </reporter-output>
        </test-method> <!-- pageSetUp -->
        <test-method signature="lastNameIsMandatory()[pri:30, instance:Tests.CheckoutTest@4ac3c60d]" started-at="2023-10-17T14:25:48 CEST" name="lastNameIsMandatory" finished-at="2023-10-17T14:25:49 CEST" duration-ms="352" status="PASS">
          <reporter-output>
          </reporter-output>
        </test-method> <!-- lastNameIsMandatory -->
        <test-method is-config="true" signature="tearDown(org.testng.ITestResult)[pri:0, instance:Tests.CheckoutTest@4ac3c60d]" started-at="2023-10-17T14:25:49 CEST" name="tearDown" finished-at="2023-10-17T14:25:49 CEST" duration-ms="119" status="PASS">
          <params>
            <param index="0">
              <value>
                <![CDATA[[TestResult name=lastNameIsMandatory status=SUCCESS method=CheckoutTest.lastNameIsMandatory()[pri:30, instance:Tests.CheckoutTest@4ac3c60d] output={null}]]]>
              </value>
            </param>
          </params>
          <reporter-output>
          </reporter-output>
        </test-method> <!-- tearDown -->
        <test-method is-config="true" signature="driverSetUp()[pri:0, instance:Tests.CheckoutTest@4ac3c60d]" started-at="2023-10-17T14:25:49 CEST" name="driverSetUp" finished-at="2023-10-17T14:25:51 CEST" duration-ms="1685" status="PASS">
          <reporter-output>
          </reporter-output>
        </test-method> <!-- driverSetUp -->
        <test-method is-config="true" signature="pageSetUp()[pri:0, instance:Tests.CheckoutTest@4ac3c60d]" started-at="2023-10-17T14:25:51 CEST" name="pageSetUp" finished-at="2023-10-17T14:25:51 CEST" duration-ms="219" status="PASS">
          <reporter-output>
          </reporter-output>
        </test-method> <!-- pageSetUp -->
        <test-method signature="zipCodeIsMandatory()[pri:40, instance:Tests.CheckoutTest@4ac3c60d]" started-at="2023-10-17T14:25:51 CEST" name="zipCodeIsMandatory" finished-at="2023-10-17T14:25:51 CEST" duration-ms="349" status="PASS">
          <reporter-output>
          </reporter-output>
        </test-method> <!-- zipCodeIsMandatory -->
        <test-method is-config="true" signature="tearDown(org.testng.ITestResult)[pri:0, instance:Tests.CheckoutTest@4ac3c60d]" started-at="2023-10-17T14:25:51 CEST" name="tearDown" finished-at="2023-10-17T14:25:51 CEST" duration-ms="122" status="PASS">
          <params>
            <param index="0">
              <value>
                <![CDATA[[TestResult name=zipCodeIsMandatory status=SUCCESS method=CheckoutTest.zipCodeIsMandatory()[pri:40, instance:Tests.CheckoutTest@4ac3c60d] output={null}]]]>
              </value>
            </param>
          </params>
          <reporter-output>
          </reporter-output>
        </test-method> <!-- tearDown -->
        <test-method is-config="true" signature="killProcesses()[pri:0, instance:Tests.CheckoutTest@4ac3c60d]" started-at="2023-10-17T14:25:51 CEST" name="killProcesses" finished-at="2023-10-17T14:25:51 CEST" duration-ms="5" status="PASS">
          <reporter-output>
          </reporter-output>
        </test-method> <!-- killProcesses -->
      </class> <!-- Tests.CheckoutTest -->
      <class name="Tests.HomepageTest">
        <test-method is-config="true" signature="setUp()[pri:0, instance:Tests.HomepageTest@76508ed1]" started-at="2023-10-17T14:25:57 CEST" name="setUp" finished-at="2023-10-17T14:25:57 CEST" duration-ms="20" status="PASS">
          <reporter-output>
          </reporter-output>
        </test-method> <!-- setUp -->
        <test-method is-config="true" signature="driverSetUp()[pri:0, instance:Tests.HomepageTest@76508ed1]" started-at="2023-10-17T14:25:57 CEST" name="driverSetUp" finished-at="2023-10-17T14:25:58 CEST" duration-ms="1307" status="PASS">
          <reporter-output>
          </reporter-output>
        </test-method> <!-- driverSetUp -->
        <test-method is-config="true" signature="pageSetUp()[pri:0, instance:Tests.HomepageTest@76508ed1]" started-at="2023-10-17T14:25:58 CEST" name="pageSetUp" finished-at="2023-10-17T14:25:58 CEST" duration-ms="241" status="PASS">
          <reporter-output>
          </reporter-output>
        </test-method> <!-- pageSetUp -->
        <test-method signature="hamburgerMenuIsHidden()[pri:10, instance:Tests.HomepageTest@76508ed1]" started-at="2023-10-17T14:25:58 CEST" name="hamburgerMenuIsHidden" finished-at="2023-10-17T14:25:58 CEST" duration-ms="22" status="PASS">
          <reporter-output>
          </reporter-output>
        </test-method> <!-- hamburgerMenuIsHidden -->
        <test-method is-config="true" signature="tearDown(org.testng.ITestResult)[pri:0, instance:Tests.HomepageTest@76508ed1]" started-at="2023-10-17T14:25:58 CEST" name="tearDown" finished-at="2023-10-17T14:25:59 CEST" duration-ms="124" status="PASS">
          <params>
            <param index="0">
              <value>
                <![CDATA[[TestResult name=hamburgerMenuIsHidden status=SUCCESS method=HomepageTest.hamburgerMenuIsHidden()[pri:10, instance:Tests.HomepageTest@76508ed1] output={null}]]]>
              </value>
            </param>
          </params>
          <reporter-output>
          </reporter-output>
        </test-method> <!-- tearDown -->
        <test-method is-config="true" signature="driverSetUp()[pri:0, instance:Tests.HomepageTest@76508ed1]" started-at="2023-10-17T14:25:59 CEST" name="driverSetUp" finished-at="2023-10-17T14:26:00 CEST" duration-ms="1406" status="PASS">
          <reporter-output>
          </reporter-output>
        </test-method> <!-- driverSetUp -->
        <test-method is-config="true" signature="pageSetUp()[pri:0, instance:Tests.HomepageTest@76508ed1]" started-at="2023-10-17T14:26:00 CEST" name="pageSetUp" finished-at="2023-10-17T14:26:00 CEST" duration-ms="235" status="PASS">
          <reporter-output>
          </reporter-output>
        </test-method> <!-- pageSetUp -->
        <test-method signature="hamburgerMenuHasExpectedItems()[pri:20, instance:Tests.HomepageTest@76508ed1]" started-at="2023-10-17T14:26:00 CEST" name="hamburgerMenuHasExpectedItems" finished-at="2023-10-17T14:26:01 CEST" duration-ms="637" status="PASS">
          <reporter-output>
          </reporter-output>
        </test-method> <!-- hamburgerMenuHasExpectedItems -->
        <test-method is-config="true" signature="tearDown(org.testng.ITestResult)[pri:0, instance:Tests.HomepageTest@76508ed1]" started-at="2023-10-17T14:26:01 CEST" name="tearDown" finished-at="2023-10-17T14:26:01 CEST" duration-ms="129" status="PASS">
          <params>
            <param index="0">
              <value>
                <![CDATA[[TestResult name=hamburgerMenuHasExpectedItems status=SUCCESS method=HomepageTest.hamburgerMenuHasExpectedItems()[pri:20, instance:Tests.HomepageTest@76508ed1] output={null}]]]>
              </value>
            </param>
          </params>
          <reporter-output>
          </reporter-output>
        </test-method> <!-- tearDown -->
        <test-method is-config="true" signature="driverSetUp()[pri:0, instance:Tests.HomepageTest@76508ed1]" started-at="2023-10-17T14:26:01 CEST" name="driverSetUp" finished-at="2023-10-17T14:26:03 CEST" duration-ms="1807" status="PASS">
          <reporter-output>
          </reporter-output>
        </test-method> <!-- driverSetUp -->
        <test-method is-config="true" signature="pageSetUp()[pri:0, instance:Tests.HomepageTest@76508ed1]" started-at="2023-10-17T14:26:03 CEST" name="pageSetUp" finished-at="2023-10-17T14:26:03 CEST" duration-ms="239" status="PASS">
          <reporter-output>
          </reporter-output>
        </test-method> <!-- pageSetUp -->
        <test-method signature="sortItemsAtoZ()[pri:30, instance:Tests.HomepageTest@76508ed1]" started-at="2023-10-17T14:26:03 CEST" name="sortItemsAtoZ" finished-at="2023-10-17T14:26:03 CEST" duration-ms="106" status="PASS">
          <reporter-output>
          </reporter-output>
        </test-method> <!-- sortItemsAtoZ -->
        <test-method is-config="true" signature="tearDown(org.testng.ITestResult)[pri:0, instance:Tests.HomepageTest@76508ed1]" started-at="2023-10-17T14:26:03 CEST" name="tearDown" finished-at="2023-10-17T14:26:03 CEST" duration-ms="117" status="PASS">
          <params>
            <param index="0">
              <value>
                <![CDATA[[TestResult name=sortItemsAtoZ status=SUCCESS method=HomepageTest.sortItemsAtoZ()[pri:30, instance:Tests.HomepageTest@76508ed1] output={null}]]]>
              </value>
            </param>
          </params>
          <reporter-output>
          </reporter-output>
        </test-method> <!-- tearDown -->
        <test-method is-config="true" signature="driverSetUp()[pri:0, instance:Tests.HomepageTest@76508ed1]" started-at="2023-10-17T14:26:03 CEST" name="driverSetUp" finished-at="2023-10-17T14:26:05 CEST" duration-ms="1295" status="PASS">
          <reporter-output>
          </reporter-output>
        </test-method> <!-- driverSetUp -->
        <test-method is-config="true" signature="pageSetUp()[pri:0, instance:Tests.HomepageTest@76508ed1]" started-at="2023-10-17T14:26:05 CEST" name="pageSetUp" finished-at="2023-10-17T14:26:05 CEST" duration-ms="235" status="PASS">
          <reporter-output>
          </reporter-output>
        </test-method> <!-- pageSetUp -->
        <test-method signature="sortItemsZtoA()[pri:40, instance:Tests.HomepageTest@76508ed1]" started-at="2023-10-17T14:26:05 CEST" name="sortItemsZtoA" finished-at="2023-10-17T14:26:05 CEST" duration-ms="139" status="PASS">
          <reporter-output>
          </reporter-output>
        </test-method> <!-- sortItemsZtoA -->
        <test-method is-config="true" signature="tearDown(org.testng.ITestResult)[pri:0, instance:Tests.HomepageTest@76508ed1]" started-at="2023-10-17T14:26:05 CEST" name="tearDown" finished-at="2023-10-17T14:26:05 CEST" duration-ms="123" status="PASS">
          <params>
            <param index="0">
              <value>
                <![CDATA[[TestResult name=sortItemsZtoA status=SUCCESS method=HomepageTest.sortItemsZtoA()[pri:40, instance:Tests.HomepageTest@76508ed1] output={null}]]]>
              </value>
            </param>
          </params>
          <reporter-output>
          </reporter-output>
        </test-method> <!-- tearDown -->
        <test-method is-config="true" signature="driverSetUp()[pri:0, instance:Tests.HomepageTest@76508ed1]" started-at="2023-10-17T14:26:05 CEST" name="driverSetUp" finished-at="2023-10-17T14:26:06 CEST" duration-ms="1358" status="PASS">
          <reporter-output>
          </reporter-output>
        </test-method> <!-- driverSetUp -->
        <test-method is-config="true" signature="pageSetUp()[pri:0, instance:Tests.HomepageTest@76508ed1]" started-at="2023-10-17T14:26:06 CEST" name="pageSetUp" finished-at="2023-10-17T14:26:07 CEST" duration-ms="237" status="PASS">
          <reporter-output>
          </reporter-output>
        </test-method> <!-- pageSetUp -->
        <test-method signature="sortPriceHighToLow()[pri:50, instance:Tests.HomepageTest@76508ed1]" started-at="2023-10-17T14:26:07 CEST" name="sortPriceHighToLow" finished-at="2023-10-17T14:26:07 CEST" duration-ms="134" status="PASS">
          <reporter-output>
          </reporter-output>
        </test-method> <!-- sortPriceHighToLow -->
        <test-method is-config="true" signature="tearDown(org.testng.ITestResult)[pri:0, instance:Tests.HomepageTest@76508ed1]" started-at="2023-10-17T14:26:07 CEST" name="tearDown" finished-at="2023-10-17T14:26:07 CEST" duration-ms="131" status="PASS">
          <params>
            <param index="0">
              <value>
                <![CDATA[[TestResult name=sortPriceHighToLow status=SUCCESS method=HomepageTest.sortPriceHighToLow()[pri:50, instance:Tests.HomepageTest@76508ed1] output={null}]]]>
              </value>
            </param>
          </params>
          <reporter-output>
          </reporter-output>
        </test-method> <!-- tearDown -->
        <test-method is-config="true" signature="driverSetUp()[pri:0, instance:Tests.HomepageTest@76508ed1]" started-at="2023-10-17T14:26:07 CEST" name="driverSetUp" finished-at="2023-10-17T14:26:09 CEST" duration-ms="1659" status="PASS">
          <reporter-output>
          </reporter-output>
        </test-method> <!-- driverSetUp -->
        <test-method is-config="true" signature="pageSetUp()[pri:0, instance:Tests.HomepageTest@76508ed1]" started-at="2023-10-17T14:26:09 CEST" name="pageSetUp" finished-at="2023-10-17T14:26:09 CEST" duration-ms="233" status="PASS">
          <reporter-output>
          </reporter-output>
        </test-method> <!-- pageSetUp -->
        <test-method signature="sortPriceLowToHigh()[pri:60, instance:Tests.HomepageTest@76508ed1]" started-at="2023-10-17T14:26:09 CEST" name="sortPriceLowToHigh" finished-at="2023-10-17T14:26:09 CEST" duration-ms="141" status="PASS">
          <reporter-output>
          </reporter-output>
        </test-method> <!-- sortPriceLowToHigh -->
        <test-method is-config="true" signature="tearDown(org.testng.ITestResult)[pri:0, instance:Tests.HomepageTest@76508ed1]" started-at="2023-10-17T14:26:09 CEST" name="tearDown" finished-at="2023-10-17T14:26:09 CEST" duration-ms="129" status="PASS">
          <params>
            <param index="0">
              <value>
                <![CDATA[[TestResult name=sortPriceLowToHigh status=SUCCESS method=HomepageTest.sortPriceLowToHigh()[pri:60, instance:Tests.HomepageTest@76508ed1] output={null}]]]>
              </value>
            </param>
          </params>
          <reporter-output>
          </reporter-output>
        </test-method> <!-- tearDown -->
        <test-method is-config="true" signature="driverSetUp()[pri:0, instance:Tests.HomepageTest@76508ed1]" started-at="2023-10-17T14:26:09 CEST" name="driverSetUp" finished-at="2023-10-17T14:26:10 CEST" duration-ms="1228" status="PASS">
          <reporter-output>
          </reporter-output>
        </test-method> <!-- driverSetUp -->
        <test-method is-config="true" signature="pageSetUp()[pri:0, instance:Tests.HomepageTest@76508ed1]" started-at="2023-10-17T14:26:10 CEST" name="pageSetUp" finished-at="2023-10-17T14:26:10 CEST" duration-ms="229" status="PASS">
          <reporter-output>
          </reporter-output>
        </test-method> <!-- pageSetUp -->
        <test-method signature="aboutPageCanBeOpened()[pri:70, instance:Tests.HomepageTest@76508ed1]" started-at="2023-10-17T14:26:10 CEST" name="aboutPageCanBeOpened" finished-at="2023-10-17T14:26:13 CEST" duration-ms="2462" status="PASS">
          <reporter-output>
          </reporter-output>
        </test-method> <!-- aboutPageCanBeOpened -->
        <test-method is-config="true" signature="tearDown(org.testng.ITestResult)[pri:0, instance:Tests.HomepageTest@76508ed1]" started-at="2023-10-17T14:26:13 CEST" name="tearDown" finished-at="2023-10-17T14:26:13 CEST" duration-ms="116" status="PASS">
          <params>
            <param index="0">
              <value>
                <![CDATA[[TestResult name=aboutPageCanBeOpened status=SUCCESS method=HomepageTest.aboutPageCanBeOpened()[pri:70, instance:Tests.HomepageTest@76508ed1] output={null}]]]>
              </value>
            </param>
          </params>
          <reporter-output>
          </reporter-output>
        </test-method> <!-- tearDown -->
        <test-method is-config="true" signature="killProcesses()[pri:0, instance:Tests.HomepageTest@76508ed1]" started-at="2023-10-17T14:26:13 CEST" name="killProcesses" finished-at="2023-10-17T14:26:13 CEST" duration-ms="6" status="PASS">
          <reporter-output>
          </reporter-output>
        </test-method> <!-- killProcesses -->
      </class> <!-- Tests.HomepageTest -->
      <class name="Tests.LoginTest">
        <test-method is-config="true" signature="setUp()[pri:0, instance:Tests.LoginTest@41e36e46]" started-at="2023-10-17T14:26:13 CEST" name="setUp" finished-at="2023-10-17T14:26:13 CEST" duration-ms="19" status="PASS">
          <reporter-output>
          </reporter-output>
        </test-method> <!-- setUp -->
        <test-method is-config="true" signature="driverSetUp()[pri:0, instance:Tests.LoginTest@41e36e46]" started-at="2023-10-17T14:26:13 CEST" name="driverSetUp" finished-at="2023-10-17T14:26:15 CEST" duration-ms="1614" status="PASS">
          <reporter-output>
          </reporter-output>
        </test-method> <!-- driverSetUp -->
        <test-method is-config="true" signature="pageSetUp()[pri:0, instance:Tests.LoginTest@41e36e46]" started-at="2023-10-17T14:26:15 CEST" name="pageSetUp" finished-at="2023-10-17T14:26:15 CEST" duration-ms="2" status="PASS">
          <reporter-output>
          </reporter-output>
        </test-method> <!-- pageSetUp -->
        <test-method signature="userCanLogIn()[pri:10, instance:Tests.LoginTest@41e36e46]" started-at="2023-10-17T14:26:15 CEST" name="userCanLogIn" finished-at="2023-10-17T14:26:15 CEST" duration-ms="268" status="PASS">
          <reporter-output>
          </reporter-output>
        </test-method> <!-- userCanLogIn -->
        <test-method is-config="true" signature="tearDown(org.testng.ITestResult)[pri:0, instance:Tests.LoginTest@41e36e46]" started-at="2023-10-17T14:26:15 CEST" name="tearDown" finished-at="2023-10-17T14:26:15 CEST" duration-ms="129" status="PASS">
          <params>
            <param index="0">
              <value>
                <![CDATA[[TestResult name=userCanLogIn status=SUCCESS method=LoginTest.userCanLogIn()[pri:10, instance:Tests.LoginTest@41e36e46] output={null}]]]>
              </value>
            </param>
          </params>
          <reporter-output>
          </reporter-output>
        </test-method> <!-- tearDown -->
        <test-method is-config="true" signature="driverSetUp()[pri:0, instance:Tests.LoginTest@41e36e46]" started-at="2023-10-17T14:26:15 CEST" name="driverSetUp" finished-at="2023-10-17T14:26:16 CEST" duration-ms="1312" status="PASS">
          <reporter-output>
          </reporter-output>
        </test-method> <!-- driverSetUp -->
        <test-method is-config="true" signature="pageSetUp()[pri:0, instance:Tests.LoginTest@41e36e46]" started-at="2023-10-17T14:26:16 CEST" name="pageSetUp" finished-at="2023-10-17T14:26:16 CEST" duration-ms="2" status="PASS">
          <reporter-output>
          </reporter-output>
        </test-method> <!-- pageSetUp -->
        <test-method signature="userCanLogOut()[pri:15, instance:Tests.LoginTest@41e36e46]" started-at="2023-10-17T14:26:16 CEST" name="userCanLogOut" finished-at="2023-10-17T14:26:18 CEST" duration-ms="1368" status="PASS">
          <reporter-output>
          </reporter-output>
        </test-method> <!-- userCanLogOut -->
        <test-method is-config="true" signature="tearDown(org.testng.ITestResult)[pri:0, instance:Tests.LoginTest@41e36e46]" started-at="2023-10-17T14:26:18 CEST" name="tearDown" finished-at="2023-10-17T14:26:18 CEST" duration-ms="120" status="PASS">
          <params>
            <param index="0">
              <value>
                <![CDATA[[TestResult name=userCanLogOut status=SUCCESS method=LoginTest.userCanLogOut()[pri:15, instance:Tests.LoginTest@41e36e46] output={null}]]]>
              </value>
            </param>
          </params>
          <reporter-output>
          </reporter-output>
        </test-method> <!-- tearDown -->
        <test-method is-config="true" signature="driverSetUp()[pri:0, instance:Tests.LoginTest@41e36e46]" started-at="2023-10-17T14:26:18 CEST" name="driverSetUp" finished-at="2023-10-17T14:26:19 CEST" duration-ms="1257" status="PASS">
          <reporter-output>
          </reporter-output>
        </test-method> <!-- driverSetUp -->
        <test-method is-config="true" signature="pageSetUp()[pri:0, instance:Tests.LoginTest@41e36e46]" started-at="2023-10-17T14:26:19 CEST" name="pageSetUp" finished-at="2023-10-17T14:26:19 CEST" duration-ms="1" status="PASS">
          <reporter-output>
          </reporter-output>
        </test-method> <!-- pageSetUp -->
        <test-method signature="userCannotLogInWithInvalidUsername()[pri:20, instance:Tests.LoginTest@41e36e46]" started-at="2023-10-17T14:26:19 CEST" name="userCannotLogInWithInvalidUsername" finished-at="2023-10-17T14:26:20 CEST" duration-ms="1191" status="PASS">
          <reporter-output>
          </reporter-output>
        </test-method> <!-- userCannotLogInWithInvalidUsername -->
        <test-method is-config="true" signature="tearDown(org.testng.ITestResult)[pri:0, instance:Tests.LoginTest@41e36e46]" started-at="2023-10-17T14:26:20 CEST" name="tearDown" finished-at="2023-10-17T14:26:20 CEST" duration-ms="115" status="PASS">
          <params>
            <param index="0">
              <value>
                <![CDATA[[TestResult name=userCannotLogInWithInvalidUsername status=SUCCESS method=LoginTest.userCannotLogInWithInvalidUsername()[pri:20, instance:Tests.LoginTest@41e36e46] output={null}]]]>
              </value>
            </param>
          </params>
          <reporter-output>
          </reporter-output>
        </test-method> <!-- tearDown -->
        <test-method is-config="true" signature="driverSetUp()[pri:0, instance:Tests.LoginTest@41e36e46]" started-at="2023-10-17T14:26:20 CEST" name="driverSetUp" finished-at="2023-10-17T14:26:22 CEST" duration-ms="1703" status="PASS">
          <reporter-output>
          </reporter-output>
        </test-method> <!-- driverSetUp -->
        <test-method is-config="true" signature="pageSetUp()[pri:0, instance:Tests.LoginTest@41e36e46]" started-at="2023-10-17T14:26:22 CEST" name="pageSetUp" finished-at="2023-10-17T14:26:22 CEST" duration-ms="1" status="PASS">
          <reporter-output>
          </reporter-output>
        </test-method> <!-- pageSetUp -->
        <test-method signature="userCannotLogInWithInvalidPassword()[pri:30, instance:Tests.LoginTest@41e36e46]" started-at="2023-10-17T14:26:22 CEST" name="userCannotLogInWithInvalidPassword" finished-at="2023-10-17T14:26:23 CEST" duration-ms="1204" status="PASS">
          <reporter-output>
          </reporter-output>
        </test-method> <!-- userCannotLogInWithInvalidPassword -->
        <test-method is-config="true" signature="tearDown(org.testng.ITestResult)[pri:0, instance:Tests.LoginTest@41e36e46]" started-at="2023-10-17T14:26:23 CEST" name="tearDown" finished-at="2023-10-17T14:26:24 CEST" duration-ms="137" status="PASS">
          <params>
            <param index="0">
              <value>
                <![CDATA[[TestResult name=userCannotLogInWithInvalidPassword status=SUCCESS method=LoginTest.userCannotLogInWithInvalidPassword()[pri:30, instance:Tests.LoginTest@41e36e46] output={null}]]]>
              </value>
            </param>
          </params>
          <reporter-output>
          </reporter-output>
        </test-method> <!-- tearDown -->
        <test-method is-config="true" signature="driverSetUp()[pri:0, instance:Tests.LoginTest@41e36e46]" started-at="2023-10-17T14:26:24 CEST" name="driverSetUp" finished-at="2023-10-17T14:26:25 CEST" duration-ms="1302" status="PASS">
          <reporter-output>
          </reporter-output>
        </test-method> <!-- driverSetUp -->
        <test-method signature="userCannotLogInWithInvalidUsernameAndPassword(java.lang.String,java.lang.String)[pri:40, instance:Tests.LoginTest@41e36e46]" started-at="2023-10-17T14:26:25 CEST" name="userCannotLogInWithInvalidUsernameAndPassword" data-provider="usernameAndPassword" finished-at="2023-10-17T14:26:26 CEST" duration-ms="1247" status="PASS">
          <params>
            <param index="0">
              <value>
                <![CDATA[username]]>
              </value>
            </param>
            <param index="1">
              <value>
                <![CDATA[password]]>
              </value>
            </param>
          </params>
          <reporter-output>
          </reporter-output>
        </test-method> <!-- userCannotLogInWithInvalidUsernameAndPassword -->
        <test-method is-config="true" signature="pageSetUp()[pri:0, instance:Tests.LoginTest@41e36e46]" started-at="2023-10-17T14:26:25 CEST" name="pageSetUp" finished-at="2023-10-17T14:26:25 CEST" duration-ms="0" status="PASS">
          <reporter-output>
          </reporter-output>
        </test-method> <!-- pageSetUp -->
        <test-method is-config="true" signature="tearDown(org.testng.ITestResult)[pri:0, instance:Tests.LoginTest@41e36e46]" started-at="2023-10-17T14:26:26 CEST" name="tearDown" finished-at="2023-10-17T14:26:26 CEST" duration-ms="113" status="PASS">
          <params>
            <param index="0">
              <value>
                <![CDATA[[TestResult name=userCannotLogInWithInvalidUsernameAndPassword status=SUCCESS method=LoginTest.userCannotLogInWithInvalidUsernameAndPassword(java.lang.String,java.lang.String)[pri:40, instance:Tests.LoginTest@41e36e46] output={null}]]]>
              </value>
            </param>
          </params>
          <reporter-output>
          </reporter-output>
        </test-method> <!-- tearDown -->
        <test-method is-config="true" signature="driverSetUp()[pri:0, instance:Tests.LoginTest@41e36e46]" started-at="2023-10-17T14:26:26 CEST" name="driverSetUp" finished-at="2023-10-17T14:26:28 CEST" duration-ms="1601" status="PASS">
          <reporter-output>
          </reporter-output>
        </test-method> <!-- driverSetUp -->
        <test-method is-config="true" signature="pageSetUp()[pri:0, instance:Tests.LoginTest@41e36e46]" started-at="2023-10-17T14:26:28 CEST" name="pageSetUp" finished-at="2023-10-17T14:26:28 CEST" duration-ms="1" status="PASS">
          <reporter-output>
          </reporter-output>
        </test-method> <!-- pageSetUp -->
        <test-method signature="userCannotLogInWithInvalidUsernameAndPassword(java.lang.String,java.lang.String)[pri:40, instance:Tests.LoginTest@41e36e46]" started-at="2023-10-17T14:26:28 CEST" name="userCannotLogInWithInvalidUsernameAndPassword" data-provider="usernameAndPassword" finished-at="2023-10-17T14:26:29 CEST" duration-ms="1206" status="PASS">
          <params>
            <param index="0">
              <value>
                <![CDATA[standard]]>
              </value>
            </param>
            <param index="1">
              <value>
                <![CDATA[pass_word]]>
              </value>
            </param>
          </params>
          <reporter-output>
          </reporter-output>
        </test-method> <!-- userCannotLogInWithInvalidUsernameAndPassword -->
        <test-method is-config="true" signature="tearDown(org.testng.ITestResult)[pri:0, instance:Tests.LoginTest@41e36e46]" started-at="2023-10-17T14:26:29 CEST" name="tearDown" finished-at="2023-10-17T14:26:29 CEST" duration-ms="118" status="PASS">
          <params>
            <param index="0">
              <value>
                <![CDATA[[TestResult name=userCannotLogInWithInvalidUsernameAndPassword status=SUCCESS method=LoginTest.userCannotLogInWithInvalidUsernameAndPassword(java.lang.String,java.lang.String)[pri:40, instance:Tests.LoginTest@41e36e46] output={null}]]]>
              </value>
            </param>
          </params>
          <reporter-output>
          </reporter-output>
        </test-method> <!-- tearDown -->
        <test-method is-config="true" signature="driverSetUp()[pri:0, instance:Tests.LoginTest@41e36e46]" started-at="2023-10-17T14:26:29 CEST" name="driverSetUp" finished-at="2023-10-17T14:26:31 CEST" duration-ms="1410" status="PASS">
          <reporter-output>
          </reporter-output>
        </test-method> <!-- driverSetUp -->
        <test-method is-config="true" signature="pageSetUp()[pri:0, instance:Tests.LoginTest@41e36e46]" started-at="2023-10-17T14:26:31 CEST" name="pageSetUp" finished-at="2023-10-17T14:26:31 CEST" duration-ms="1" status="PASS">
          <reporter-output>
          </reporter-output>
        </test-method> <!-- pageSetUp -->
        <test-method signature="userCannotLogInWithInvalidUsernameAndPassword(java.lang.String,java.lang.String)[pri:40, instance:Tests.LoginTest@41e36e46]" started-at="2023-10-17T14:26:31 CEST" name="userCannotLogInWithInvalidUsernameAndPassword" data-provider="usernameAndPassword" finished-at="2023-10-17T14:26:32 CEST" duration-ms="1241" status="PASS">
          <params>
            <param index="0">
              <value>
                <![CDATA[user]]>
              </value>
            </param>
            <param index="1">
              <value>
                <![CDATA[pass]]>
              </value>
            </param>
          </params>
          <reporter-output>
          </reporter-output>
        </test-method> <!-- userCannotLogInWithInvalidUsernameAndPassword -->
        <test-method is-config="true" signature="tearDown(org.testng.ITestResult)[pri:0, instance:Tests.LoginTest@41e36e46]" started-at="2023-10-17T14:26:32 CEST" name="tearDown" finished-at="2023-10-17T14:26:32 CEST" duration-ms="114" status="PASS">
          <params>
            <param index="0">
              <value>
                <![CDATA[[TestResult name=userCannotLogInWithInvalidUsernameAndPassword status=SUCCESS method=LoginTest.userCannotLogInWithInvalidUsernameAndPassword(java.lang.String,java.lang.String)[pri:40, instance:Tests.LoginTest@41e36e46] output={null}]]]>
              </value>
            </param>
          </params>
          <reporter-output>
          </reporter-output>
        </test-method> <!-- tearDown -->
        <test-method is-config="true" signature="driverSetUp()[pri:0, instance:Tests.LoginTest@41e36e46]" started-at="2023-10-17T14:26:32 CEST" name="driverSetUp" finished-at="2023-10-17T14:26:34 CEST" duration-ms="1718" status="PASS">
          <reporter-output>
          </reporter-output>
        </test-method> <!-- driverSetUp -->
        <test-method is-config="true" signature="pageSetUp()[pri:0, instance:Tests.LoginTest@41e36e46]" started-at="2023-10-17T14:26:34 CEST" name="pageSetUp" finished-at="2023-10-17T14:26:34 CEST" duration-ms="1" status="PASS">
          <reporter-output>
          </reporter-output>
        </test-method> <!-- pageSetUp -->
        <test-method signature="userCannotLogInWithInvalidUsernameAndPassword(java.lang.String,java.lang.String)[pri:40, instance:Tests.LoginTest@41e36e46]" started-at="2023-10-17T14:26:34 CEST" name="userCannotLogInWithInvalidUsernameAndPassword" data-provider="usernameAndPassword" finished-at="2023-10-17T14:26:35 CEST" duration-ms="1240" status="PASS">
          <params>
            <param index="0">
              <value>
                <![CDATA[user 1]]>
              </value>
            </param>
            <param index="1">
              <value>
                <![CDATA[password1]]>
              </value>
            </param>
          </params>
          <reporter-output>
          </reporter-output>
        </test-method> <!-- userCannotLogInWithInvalidUsernameAndPassword -->
        <test-method is-config="true" signature="tearDown(org.testng.ITestResult)[pri:0, instance:Tests.LoginTest@41e36e46]" started-at="2023-10-17T14:26:35 CEST" name="tearDown" finished-at="2023-10-17T14:26:35 CEST" duration-ms="116" status="PASS">
          <params>
            <param index="0">
              <value>
                <![CDATA[[TestResult name=userCannotLogInWithInvalidUsernameAndPassword status=SUCCESS method=LoginTest.userCannotLogInWithInvalidUsernameAndPassword(java.lang.String,java.lang.String)[pri:40, instance:Tests.LoginTest@41e36e46] output={null}]]]>
              </value>
            </param>
          </params>
          <reporter-output>
          </reporter-output>
        </test-method> <!-- tearDown -->
        <test-method is-config="true" signature="driverSetUp()[pri:0, instance:Tests.LoginTest@41e36e46]" started-at="2023-10-17T14:26:35 CEST" name="driverSetUp" finished-at="2023-10-17T14:26:36 CEST" duration-ms="1284" status="PASS">
          <reporter-output>
          </reporter-output>
        </test-method> <!-- driverSetUp -->
        <test-method signature="userCannotLogInWithRandomData()[pri:50, instance:Tests.LoginTest@41e36e46]" started-at="2023-10-17T14:26:36 CEST" name="userCannotLogInWithRandomData" finished-at="2023-10-17T14:26:48 CEST" duration-ms="12109" status="PASS">
          <reporter-output>
          </reporter-output>
        </test-method> <!-- userCannotLogInWithRandomData -->
        <test-method is-config="true" signature="pageSetUp()[pri:0, instance:Tests.LoginTest@41e36e46]" started-at="2023-10-17T14:26:36 CEST" name="pageSetUp" finished-at="2023-10-17T14:26:36 CEST" duration-ms="0" status="PASS">
          <reporter-output>
          </reporter-output>
        </test-method> <!-- pageSetUp -->
        <test-method is-config="true" signature="tearDown(org.testng.ITestResult)[pri:0, instance:Tests.LoginTest@41e36e46]" started-at="2023-10-17T14:26:48 CEST" name="tearDown" finished-at="2023-10-17T14:26:48 CEST" duration-ms="116" status="PASS">
          <params>
            <param index="0">
              <value>
                <![CDATA[[TestResult name=userCannotLogInWithRandomData status=SUCCESS method=LoginTest.userCannotLogInWithRandomData()[pri:50, instance:Tests.LoginTest@41e36e46] output={null}]]]>
              </value>
            </param>
          </params>
          <reporter-output>
          </reporter-output>
        </test-method> <!-- tearDown -->
        <test-method is-config="true" signature="killProcesses()[pri:0, instance:Tests.LoginTest@41e36e46]" started-at="2023-10-17T14:26:48 CEST" name="killProcesses" finished-at="2023-10-17T14:26:48 CEST" duration-ms="5" status="PASS">
          <reporter-output>
          </reporter-output>
        </test-method> <!-- killProcesses -->
      </class> <!-- Tests.LoginTest -->
      <class name="Tests.EndToEndTest">
        <test-method is-config="true" signature="setUp()[pri:0, instance:Tests.EndToEndTest@4facf68f]" started-at="2023-10-17T14:25:51 CEST" name="setUp" finished-at="2023-10-17T14:25:51 CEST" duration-ms="23" status="PASS">
          <reporter-output>
          </reporter-output>
        </test-method> <!-- setUp -->
        <test-method is-config="true" signature="driverSetUp()[pri:0, instance:Tests.EndToEndTest@4facf68f]" started-at="2023-10-17T14:25:51 CEST" name="driverSetUp" finished-at="2023-10-17T14:25:53 CEST" duration-ms="1317" status="PASS">
          <reporter-output>
          </reporter-output>
        </test-method> <!-- driverSetUp -->
        <test-method is-config="true" signature="pageSetUp()[pri:0, instance:Tests.EndToEndTest@4facf68f]" started-at="2023-10-17T14:25:53 CEST" name="pageSetUp" finished-at="2023-10-17T14:25:53 CEST" duration-ms="227" status="PASS">
          <reporter-output>
          </reporter-output>
        </test-method> <!-- pageSetUp -->
        <test-method signature="itemCanBeBought()[pri:10, instance:Tests.EndToEndTest@4facf68f]" started-at="2023-10-17T14:25:53 CEST" name="itemCanBeBought" finished-at="2023-10-17T14:25:54 CEST" duration-ms="1481" status="PASS">
          <reporter-output>
          </reporter-output>
        </test-method> <!-- itemCanBeBought -->
        <test-method is-config="true" signature="tearDown(org.testng.ITestResult)[pri:0, instance:Tests.EndToEndTest@4facf68f]" started-at="2023-10-17T14:25:54 CEST" name="tearDown" finished-at="2023-10-17T14:25:54 CEST" duration-ms="127" status="PASS">
          <params>
            <param index="0">
              <value>
                <![CDATA[[TestResult name=itemCanBeBought status=SUCCESS method=EndToEndTest.itemCanBeBought()[pri:10, instance:Tests.EndToEndTest@4facf68f] output={null}]]]>
              </value>
            </param>
          </params>
          <reporter-output>
          </reporter-output>
        </test-method> <!-- tearDown -->
        <test-method is-config="true" signature="driverSetUp()[pri:0, instance:Tests.EndToEndTest@4facf68f]" started-at="2023-10-17T14:25:54 CEST" name="driverSetUp" finished-at="2023-10-17T14:25:56 CEST" duration-ms="1648" status="PASS">
          <reporter-output>
          </reporter-output>
        </test-method> <!-- driverSetUp -->
        <test-method is-config="true" signature="pageSetUp()[pri:0, instance:Tests.EndToEndTest@4facf68f]" started-at="2023-10-17T14:25:56 CEST" name="pageSetUp" finished-at="2023-10-17T14:25:56 CEST" duration-ms="208" status="PASS">
          <reporter-output>
          </reporter-output>
        </test-method> <!-- pageSetUp -->
        <test-method signature="userCanGoToHomepageAfterShopping()[pri:20, instance:Tests.EndToEndTest@4facf68f]" started-at="2023-10-17T14:25:56 CEST" name="userCanGoToHomepageAfterShopping" finished-at="2023-10-17T14:25:57 CEST" duration-ms="451" status="PASS">
          <reporter-output>
          </reporter-output>
        </test-method> <!-- userCanGoToHomepageAfterShopping -->
        <test-method is-config="true" signature="tearDown(org.testng.ITestResult)[pri:0, instance:Tests.EndToEndTest@4facf68f]" started-at="2023-10-17T14:25:57 CEST" name="tearDown" finished-at="2023-10-17T14:25:57 CEST" duration-ms="117" status="PASS">
          <params>
            <param index="0">
              <value>
                <![CDATA[[TestResult name=userCanGoToHomepageAfterShopping status=SUCCESS method=EndToEndTest.userCanGoToHomepageAfterShopping()[pri:20, instance:Tests.EndToEndTest@4facf68f] output={null}]]]>
              </value>
            </param>
          </params>
          <reporter-output>
          </reporter-output>
        </test-method> <!-- tearDown -->
        <test-method is-config="true" signature="killProcesses()[pri:0, instance:Tests.EndToEndTest@4facf68f]" started-at="2023-10-17T14:25:57 CEST" name="killProcesses" finished-at="2023-10-17T14:25:57 CEST" duration-ms="6" status="PASS">
          <reporter-output>
          </reporter-output>
        </test-method> <!-- killProcesses -->
      </class> <!-- Tests.EndToEndTest -->
    </test> <!-- Surefire test -->
  </suite> <!-- Surefire suite -->
</testng-results>
