<?xml version="1.0" encoding="UTF-8"?>
<testsuite xmlns:xsi="http://www.w3.org/2001/XMLSchema-instance" xsi:schemaLocation="https://maven.apache.org/surefire/maven-surefire-plugin/xsd/surefire-test-report.xsd" name="TestSuite" time="83.98" tests="61" errors="0" skipped="44" failures="2">
  <properties>
[...]
</properties>
  <testcase name="userCanLogIn" classname="Tests.LoginTest" time="0.28"/>
  <testcase name="userCanLogOut" classname="Tests.LoginTest" time="1.48"/>
  <testcase name="userCannotLogInWithInvalidUsername" classname="Tests.LoginTest" time="1.225"/>
  <testcase name="userCannotLogInWithInvalidPassword" classname="Tests.LoginTest" time="1.218"/>
  <testcase name="userCannotLogInWithInvalidUsernameAndPassword" classname="Tests.LoginTest" time="1.212"/>
  <testcase name="userCannotLogInWithInvalidUsernameAndPassword" classname="Tests.LoginTest" time="1.264"/>
  <testcase name="userCannotLogInWithInvalidUsernameAndPassword" classname="Tests.LoginTest" time="1.221"/>
  <testcase name="userCannotLogInWithInvalidUsernameAndPassword" classname="Tests.LoginTest" time="1.22"/>
  <testcase name="userCannotLogInWithRandomData" classname="Tests.LoginTest" time="12.022"/>
  <testcase name="driverSetUp" classname="Tests.HomepageTest" time="12.483">
    <failure message="Could not start a new session. Possible causes are invalid address of the remote server or browser start-up failure. &#10;Host info: host: &apos;CLVITN-28FQFX3&apos;, ip: &apos;10.216.30.167&apos;" type="org.openqa.selenium.SessionNotCreatedException">org.openqa.selenium.SessionNotCreatedException: 
Could not start a new session. Possible causes are invalid address of the remote server or browser start-up failure. 
Host info: host: 'CLVITN-28FQFX3', ip: '10.216.30.167'
Caused by: org.openqa.selenium.WebDriverException: 
Driver server process died prematurely.
Build info: version: '4.14.0', revision: 'e5a96349ce'
System info: os.name: 'Windows 10', os.arch: 'amd64', os.version: '10.0', java.version: '21'
Driver info: driver.version: EdgeDriver
</failure>
    <system-err><![CDATA[Oct 17, 2023 4:22:05 PM org.openqa.selenium.remote.http.WebSocket$Listener onError
WARNING: Connection reset
java.net.SocketException: Connection reset
	at java.base/sun.nio.ch.SocketChannelImpl.throwConnectionReset(SocketChannelImpl.java:401)
	at java.base/sun.nio.ch.SocketChannelImpl.read(SocketChannelImpl.java:434)
	at java.net.http/jdk.internal.net.http.SocketTube.readAvailable(SocketTube.java:1178)
	at java.net.http/jdk.internal.net.http.SocketTube$InternalReadPublisher$InternalReadSubscription.read(SocketTube.java:841)
	at java.net.http/jdk.internal.net.http.SocketTube$SocketFlowTask.run(SocketTube.java:181)
	at java.net.http/jdk.internal.net.http.common.SequentialScheduler$SchedulableTask.run(SequentialScheduler.java:207)
	at java.net.http/jdk.internal.net.http.common.SequentialScheduler.runOrSchedule(SequentialScheduler.java:280)
	at java.net.http/jdk.internal.net.http.common.SequentialScheduler.runOrSchedule(SequentialScheduler.java:233)
	at java.net.http/jdk.internal.net.http.SocketTube$InternalReadPublisher$InternalReadSubscription.signalReadable(SocketTube.java:782)
	at java.net.http/jdk.internal.net.http.SocketTube$InternalReadPublisher$ReadEvent.signalEvent(SocketTube.java:965)
	at java.net.http/jdk.internal.net.http.SocketTube$SocketFlowEvent.handle(SocketTube.java:253)
	at java.net.http/jdk.internal.net.http.HttpClientImpl$SelectorManager.handleEvent(HttpClientImpl.java:1467)
	at java.net.http/jdk.internal.net.http.HttpClientImpl$SelectorManager.lambda$run$3(HttpClientImpl.java:1412)
	at java.base/java.util.ArrayList.forEach(ArrayList.java:1596)
	at java.net.http/jdk.internal.net.http.HttpClientImpl$SelectorManager.run(HttpClientImpl.java:1412)

Oct 17, 2023 4:22:05 PM org.openqa.selenium.remote.http.WebSocket$Listener onError
WARNING: Connection reset
java.net.SocketException: Connection reset
	at java.base/sun.nio.ch.SocketChannelImpl.throwConnectionReset(SocketChannelImpl.java:401)
	at java.base/sun.nio.ch.SocketChannelImpl.read(SocketChannelImpl.java:434)
	at java.net.http/jdk.internal.net.http.SocketTube.readAvailable(SocketTube.java:1178)
	at java.net.http/jdk.internal.net.http.SocketTube$InternalReadPublisher$InternalReadSubscription.read(SocketTube.java:841)
	at java.net.http/jdk.internal.net.http.SocketTube$SocketFlowTask.run(SocketTube.java:181)
	at java.net.http/jdk.internal.net.http.common.SequentialScheduler$SchedulableTask.run(SequentialScheduler.java:207)
	at java.net.http/jdk.internal.net.http.common.SequentialScheduler.runOrSchedule(SequentialScheduler.java:280)
	at java.net.http/jdk.internal.net.http.common.SequentialScheduler.runOrSchedule(SequentialScheduler.java:233)
	at java.net.http/jdk.internal.net.http.SocketTube$InternalReadPublisher$InternalReadSubscription.signalReadable(SocketTube.java:782)
	at java.net.http/jdk.internal.net.http.SocketTube$InternalReadPublisher$ReadEvent.signalEvent(SocketTube.java:965)
	at java.net.http/jdk.internal.net.http.SocketTube$SocketFlowEvent.handle(SocketTube.java:253)
	at java.net.http/jdk.internal.net.http.HttpClientImpl$SelectorManager.handleEvent(HttpClientImpl.java:1467)
	at java.net.http/jdk.internal.net.http.HttpClientImpl$SelectorManager.lambda$run$3(HttpClientImpl.java:1412)
	at java.base/java.util.ArrayList.forEach(ArrayList.java:1596)
	at java.net.http/jdk.internal.net.http.HttpClientImpl$SelectorManager.run(HttpClientImpl.java:1412)

Oct 17, 2023 4:22:05 PM org.openqa.selenium.remote.http.WebSocket$Listener onError
WARNING: Connection reset
java.net.SocketException: Connection reset
	at java.base/sun.nio.ch.SocketChannelImpl.throwConnectionReset(SocketChannelImpl.java:401)
	at java.base/sun.nio.ch.SocketChannelImpl.read(SocketChannelImpl.java:434)
	at java.net.http/jdk.internal.net.http.SocketTube.readAvailable(SocketTube.java:1178)
	at java.net.http/jdk.internal.net.http.SocketTube$InternalReadPublisher$InternalReadSubscription.read(SocketTube.java:841)
	at java.net.http/jdk.internal.net.http.SocketTube$SocketFlowTask.run(SocketTube.java:181)
	at java.net.http/jdk.internal.net.http.common.SequentialScheduler$SchedulableTask.run(SequentialScheduler.java:207)
	at java.net.http/jdk.internal.net.http.common.SequentialScheduler.runOrSchedule(SequentialScheduler.java:280)
	at java.net.http/jdk.internal.net.http.common.SequentialScheduler.runOrSchedule(SequentialScheduler.java:233)
	at java.net.http/jdk.internal.net.http.SocketTube$InternalReadPublisher$InternalReadSubscription.signalReadable(SocketTube.java:782)
	at java.net.http/jdk.internal.net.http.SocketTube$InternalReadPublisher$ReadEvent.signalEvent(SocketTube.java:965)
	at java.net.http/jdk.internal.net.http.SocketTube$SocketFlowEvent.handle(SocketTube.java:253)
	at java.net.http/jdk.internal.net.http.HttpClientImpl$SelectorManager.handleEvent(HttpClientImpl.java:1467)
	at java.net.http/jdk.internal.net.http.HttpClientImpl$SelectorManager.lambda$run$3(HttpClientImpl.java:1412)
	at java.base/java.util.ArrayList.forEach(ArrayList.java:1596)
	at java.net.http/jdk.internal.net.http.HttpClientImpl$SelectorManager.run(HttpClientImpl.java:1412)

Oct 17, 2023 4:22:05 PM org.openqa.selenium.remote.http.WebSocket$Listener onError
WARNING: Connection reset
java.net.SocketException: Connection reset
	at java.base/sun.nio.ch.SocketChannelImpl.throwConnectionReset(SocketChannelImpl.java:401)
	at java.base/sun.nio.ch.SocketChannelImpl.read(SocketChannelImpl.java:434)
	at java.net.http/jdk.internal.net.http.SocketTube.readAvailable(SocketTube.java:1178)
	at java.net.http/jdk.internal.net.http.SocketTube$InternalReadPublisher$InternalReadSubscription.read(SocketTube.java:841)
	at java.net.http/jdk.internal.net.http.SocketTube$SocketFlowTask.run(SocketTube.java:181)
	at java.net.http/jdk.internal.net.http.common.SequentialScheduler$SchedulableTask.run(SequentialScheduler.java:207)
	at java.net.http/jdk.internal.net.http.common.SequentialScheduler.runOrSchedule(SequentialScheduler.java:280)
	at java.net.http/jdk.internal.net.http.common.SequentialScheduler.runOrSchedule(SequentialScheduler.java:233)
	at java.net.http/jdk.internal.net.http.SocketTube$InternalReadPublisher$InternalReadSubscription.signalReadable(SocketTube.java:782)
	at java.net.http/jdk.internal.net.http.SocketTube$InternalReadPublisher$ReadEvent.signalEvent(SocketTube.java:965)
	at java.net.http/jdk.internal.net.http.SocketTube$SocketFlowEvent.handle(SocketTube.java:253)
	at java.net.http/jdk.internal.net.http.HttpClientImpl$SelectorManager.handleEvent(HttpClientImpl.java:1467)
	at java.net.http/jdk.internal.net.http.HttpClientImpl$SelectorManager.lambda$run$3(HttpClientImpl.java:1412)
	at java.base/java.util.ArrayList.forEach(ArrayList.java:1596)
	at java.net.http/jdk.internal.net.http.HttpClientImpl$SelectorManager.run(HttpClientImpl.java:1412)

Oct 17, 2023 4:22:05 PM org.openqa.selenium.remote.http.WebSocket$Listener onError
WARNING: Connection reset
java.net.SocketException: Connection reset
	at java.base/sun.nio.ch.SocketChannelImpl.throwConnectionReset(SocketChannelImpl.java:401)
	at java.base/sun.nio.ch.SocketChannelImpl.read(SocketChannelImpl.java:434)
	at java.net.http/jdk.internal.net.http.SocketTube.readAvailable(SocketTube.java:1178)
	at java.net.http/jdk.internal.net.http.SocketTube$InternalReadPublisher$InternalReadSubscription.read(SocketTube.java:841)
	at java.net.http/jdk.internal.net.http.SocketTube$SocketFlowTask.run(SocketTube.java:181)
	at java.net.http/jdk.internal.net.http.common.SequentialScheduler$SchedulableTask.run(SequentialScheduler.java:207)
	at java.net.http/jdk.internal.net.http.common.SequentialScheduler.runOrSchedule(SequentialScheduler.java:280)
	at java.net.http/jdk.internal.net.http.common.SequentialScheduler.runOrSchedule(SequentialScheduler.java:233)
	at java.net.http/jdk.internal.net.http.SocketTube$InternalReadPublisher$InternalReadSubscription.signalReadable(SocketTube.java:782)
	at java.net.http/jdk.internal.net.http.SocketTube$InternalReadPublisher$ReadEvent.signalEvent(SocketTube.java:965)
	at java.net.http/jdk.internal.net.http.SocketTube$SocketFlowEvent.handle(SocketTube.java:253)
	at java.net.http/jdk.internal.net.http.HttpClientImpl$SelectorManager.handleEvent(HttpClientImpl.java:1467)
	at java.net.http/jdk.internal.net.http.HttpClientImpl$SelectorManager.lambda$run$3(HttpClientImpl.java:1412)
	at java.base/java.util.ArrayList.forEach(ArrayList.java:1596)
	at java.net.http/jdk.internal.net.http.HttpClientImpl$SelectorManager.run(HttpClientImpl.java:1412)

Oct 17, 2023 4:22:05 PM org.openqa.selenium.remote.http.WebSocket$Listener onError
WARNING: Connection reset
java.net.SocketException: Connection reset
	at java.base/sun.nio.ch.SocketChannelImpl.throwConnectionReset(SocketChannelImpl.java:401)
	at java.base/sun.nio.ch.SocketChannelImpl.read(SocketChannelImpl.java:434)
	at java.net.http/jdk.internal.net.http.SocketTube.readAvailable(SocketTube.java:1178)
	at java.net.http/jdk.internal.net.http.SocketTube$InternalReadPublisher$InternalReadSubscription.read(SocketTube.java:841)
	at java.net.http/jdk.internal.net.http.SocketTube$SocketFlowTask.run(SocketTube.java:181)
	at java.net.http/jdk.internal.net.http.common.SequentialScheduler$SchedulableTask.run(SequentialScheduler.java:207)
	at java.net.http/jdk.internal.net.http.common.SequentialScheduler.runOrSchedule(SequentialScheduler.java:280)
	at java.net.http/jdk.internal.net.http.common.SequentialScheduler.runOrSchedule(SequentialScheduler.java:233)
	at java.net.http/jdk.internal.net.http.SocketTube$InternalReadPublisher$InternalReadSubscription.signalReadable(SocketTube.java:782)
	at java.net.http/jdk.internal.net.http.SocketTube$InternalReadPublisher$ReadEvent.signalEvent(SocketTube.java:965)
	at java.net.http/jdk.internal.net.http.SocketTube$SocketFlowEvent.handle(SocketTube.java:253)
	at java.net.http/jdk.internal.net.http.HttpClientImpl$SelectorManager.handleEvent(HttpClientImpl.java:1467)
	at java.net.http/jdk.internal.net.http.HttpClientImpl$SelectorManager.lambda$run$3(HttpClientImpl.java:1412)
	at java.base/java.util.ArrayList.forEach(ArrayList.java:1596)
	at java.net.http/jdk.internal.net.http.HttpClientImpl$SelectorManager.run(HttpClientImpl.java:1412)

Oct 17, 2023 4:22:05 PM org.openqa.selenium.remote.http.WebSocket$Listener onError
WARNING: Connection reset
java.net.SocketException: Connection reset
	at java.base/sun.nio.ch.SocketChannelImpl.throwConnectionReset(SocketChannelImpl.java:401)
	at java.base/sun.nio.ch.SocketChannelImpl.read(SocketChannelImpl.java:434)
	at java.net.http/jdk.internal.net.http.SocketTube.readAvailable(SocketTube.java:1178)
	at java.net.http/jdk.internal.net.http.SocketTube$InternalReadPublisher$InternalReadSubscription.read(SocketTube.java:841)
	at java.net.http/jdk.internal.net.http.SocketTube$SocketFlowTask.run(SocketTube.java:181)
	at java.net.http/jdk.internal.net.http.common.SequentialScheduler$SchedulableTask.run(SequentialScheduler.java:207)
	at java.net.http/jdk.internal.net.http.common.SequentialScheduler.runOrSchedule(SequentialScheduler.java:280)
	at java.net.http/jdk.internal.net.http.common.SequentialScheduler.runOrSchedule(SequentialScheduler.java:233)
	at java.net.http/jdk.internal.net.http.SocketTube$InternalReadPublisher$InternalReadSubscription.signalReadable(SocketTube.java:782)
	at java.net.http/jdk.internal.net.http.SocketTube$InternalReadPublisher$ReadEvent.signalEvent(SocketTube.java:965)
	at java.net.http/jdk.internal.net.http.SocketTube$SocketFlowEvent.handle(SocketTube.java:253)
	at java.net.http/jdk.internal.net.http.HttpClientImpl$SelectorManager.handleEvent(HttpClientImpl.java:1467)
	at java.net.http/jdk.internal.net.http.HttpClientImpl$SelectorManager.lambda$run$3(HttpClientImpl.java:1412)
	at java.base/java.util.ArrayList.forEach(ArrayList.java:1596)
	at java.net.http/jdk.internal.net.http.HttpClientImpl$SelectorManager.run(HttpClientImpl.java:1412)

]]></system-err>
  </testcase>
  <testcase name="driverSetUp" classname="Tests.HomepageTest" time="0">
    <skipped/>
  </testcase>
  <testcase name="driverSetUp" classname="Tests.HomepageTest" time="0">
    <skipped/>
    <system-err><![CDATA[Oct 17, 2023 4:22:05 PM org.openqa.selenium.remote.http.WebSocket$Listener onError
WARNING: Connection reset
java.net.SocketException: Connection reset
	at java.base/sun.nio.ch.SocketChannelImpl.throwConnectionReset(SocketChannelImpl.java:401)
	at java.base/sun.nio.ch.SocketChannelImpl.read(SocketChannelImpl.java:434)
	at java.net.http/jdk.internal.net.http.SocketTube.readAvailable(SocketTube.java:1178)
	at java.net.http/jdk.internal.net.http.SocketTube$InternalReadPublisher$InternalReadSubscription.read(SocketTube.java:841)
	at java.net.http/jdk.internal.net.http.SocketTube$SocketFlowTask.run(SocketTube.java:181)
	at java.net.http/jdk.internal.net.http.common.SequentialScheduler$SchedulableTask.run(SequentialScheduler.java:207)
	at java.net.http/jdk.internal.net.http.common.SequentialScheduler.runOrSchedule(SequentialScheduler.java:280)
	at java.net.http/jdk.internal.net.http.common.SequentialScheduler.runOrSchedule(SequentialScheduler.java:233)
	at java.net.http/jdk.internal.net.http.SocketTube$InternalReadPublisher$InternalReadSubscription.signalReadable(SocketTube.java:782)
	at java.net.http/jdk.internal.net.http.SocketTube$InternalReadPublisher$ReadEvent.signalEvent(SocketTube.java:965)
	at java.net.http/jdk.internal.net.http.SocketTube$SocketFlowEvent.handle(SocketTube.java:253)
	at java.net.http/jdk.internal.net.http.HttpClientImpl$SelectorManager.handleEvent(HttpClientImpl.java:1467)
	at java.net.http/jdk.internal.net.http.HttpClientImpl$SelectorManager.lambda$run$3(HttpClientImpl.java:1412)
	at java.base/java.util.ArrayList.forEach(ArrayList.java:1596)
	at java.net.http/jdk.internal.net.http.HttpClientImpl$SelectorManager.run(HttpClientImpl.java:1412)

]]></system-err>
  </testcase>
  <testcase name="driverSetUp" classname="Tests.HomepageTest" time="0">
    <skipped/>
  </testcase>
  <testcase name="driverSetUp" classname="Tests.HomepageTest" time="0">
    <skipped/>
  </testcase>
  <testcase name="driverSetUp" classname="Tests.HomepageTest" time="0">
    <skipped/>
  </testcase>
  <testcase name="driverSetUp" classname="Tests.HomepageTest" time="0">
    <skipped/>
  </testcase>
  <testcase name="pageSetUp" classname="Tests.HomepageTest" time="0">
    <skipped/>
  </testcase>
  <testcase name="pageSetUp" classname="Tests.HomepageTest" time="0">
    <skipped/>
  </testcase>
  <testcase name="pageSetUp" classname="Tests.HomepageTest" time="0">
    <skipped/>
  </testcase>
  <testcase name="pageSetUp" classname="Tests.HomepageTest" time="0">
    <skipped/>
  </testcase>
  <testcase name="pageSetUp" classname="Tests.HomepageTest" time="0">
    <skipped/>
  </testcase>
  <testcase name="pageSetUp" classname="Tests.HomepageTest" time="0">
    <skipped/>
  </testcase>
  <testcase name="pageSetUp" classname="Tests.HomepageTest" time="0">
    <skipped/>
  </testcase>
  <testcase name="hamburgerMenuIsHidden" classname="Tests.HomepageTest" time="0">
    <skipped message="Could not start a new session. Possible causes are invalid address of the remote server or browser start-up failure. &#10;Host info: host: &apos;CLVITN-28FQFX3&apos;, ip: &apos;10.216.30.167&apos;"/>
  </testcase>
  <testcase name="tearDown" classname="Tests.HomepageTest" time="0">
    <skipped/>
  </testcase>
  <testcase name="tearDown" classname="Tests.HomepageTest" time="0">
    <skipped/>
  </testcase>
  <testcase name="tearDown" classname="Tests.HomepageTest" time="0">
    <skipped/>
  </testcase>
  <testcase name="tearDown" classname="Tests.HomepageTest" time="0">
    <skipped/>
  </testcase>
  <testcase name="tearDown" classname="Tests.HomepageTest" time="0">
    <skipped/>
  </testcase>
  <testcase name="tearDown" classname="Tests.HomepageTest" time="0">
    <skipped/>
  </testcase>
  <testcase name="tearDown" classname="Tests.HomepageTest" time="0">
    <skipped/>
  </testcase>
  <testcase name="hamburgerMenuHasExpectedItems" classname="Tests.HomepageTest" time="0">
    <skipped message="Could not start a new session. Possible causes are invalid address of the remote server or browser start-up failure. &#10;Host info: host: &apos;CLVITN-28FQFX3&apos;, ip: &apos;10.216.30.167&apos;"/>
  </testcase>
  <testcase name="sortItemsAtoZ" classname="Tests.HomepageTest" time="0">
    <skipped message="Could not start a new session. Possible causes are invalid address of the remote server or browser start-up failure. &#10;Host info: host: &apos;CLVITN-28FQFX3&apos;, ip: &apos;10.216.30.167&apos;"/>
  </testcase>
  <testcase name="sortItemsZtoA" classname="Tests.HomepageTest" time="0">
    <skipped message="Could not start a new session. Possible causes are invalid address of the remote server or browser start-up failure. &#10;Host info: host: &apos;CLVITN-28FQFX3&apos;, ip: &apos;10.216.30.167&apos;"/>
  </testcase>
  <testcase name="sortPriceHighToLow" classname="Tests.HomepageTest" time="0">
    <skipped message="Could not start a new session. Possible causes are invalid address of the remote server or browser start-up failure. &#10;Host info: host: &apos;CLVITN-28FQFX3&apos;, ip: &apos;10.216.30.167&apos;"/>
  </testcase>
  <testcase name="sortPriceLowToHigh" classname="Tests.HomepageTest" time="0">
    <skipped message="Could not start a new session. Possible causes are invalid address of the remote server or browser start-up failure. &#10;Host info: host: &apos;CLVITN-28FQFX3&apos;, ip: &apos;10.216.30.167&apos;"/>
  </testcase>
  <testcase name="aboutPageCanBeOpened" classname="Tests.HomepageTest" time="0">
    <skipped message="Could not start a new session. Possible causes are invalid address of the remote server or browser start-up failure. &#10;Host info: host: &apos;CLVITN-28FQFX3&apos;, ip: &apos;10.216.30.167&apos;"/>
  </testcase>
  <testcase name="killProcesses" classname="Tests.HomepageTest" time="0">
    <skipped/>
  </testcase>
  <testcase name="addItemToCart" classname="Tests.CartTest" time="1.209"/>
  <testcase name="itemCanBeRemovedFromCart" classname="Tests.CartTest" time="4.288"/>
  <testcase name="multipleItemsCaneBeAddedToCart" classname="Tests.CartTest" time="2.379"/>
  <testcase name="userCanContinueShopping" classname="Tests.CartTest" time="0.295"/>
  <testcase name="driverSetUp" classname="Tests.CheckoutTest" time="2.569">
    <failure message="Could not start a new session. Possible causes are invalid address of the remote server or browser start-up failure. &#10;Host info: host: &apos;CLVITN-28FQFX3&apos;, ip: &apos;10.216.30.167&apos;" type="org.openqa.selenium.SessionNotCreatedException">org.openqa.selenium.SessionNotCreatedException: 
Could not start a new session. Possible causes are invalid address of the remote server or browser start-up failure. 
Host info: host: 'CLVITN-28FQFX3', ip: '10.216.30.167'
Caused by: org.openqa.selenium.WebDriverException: 
Driver server process died prematurely.
Build info: version: '4.14.0', revision: 'e5a96349ce'
System info: os.name: 'Windows 10', os.arch: 'amd64', os.version: '10.0', java.version: '21'
Driver info: driver.version: EdgeDriver
</failure>
  </testcase>
  <testcase name="driverSetUp" classname="Tests.CheckoutTest" time="0">
    <skipped/>
  </testcase>
  <testcase name="driverSetUp" classname="Tests.CheckoutTest" time="0">
    <skipped/>
  </testcase>
  <testcase name="driverSetUp" classname="Tests.CheckoutTest" time="0">
    <skipped/>
  </testcase>
  <testcase name="pageSetUp" classname="Tests.CheckoutTest" time="0">
    <skipped/>
  </testcase>
  <testcase name="pageSetUp" classname="Tests.CheckoutTest" time="0">
    <skipped/>
  </testcase>
  <testcase name="pageSetUp" classname="Tests.CheckoutTest" time="0">
    <skipped/>
  </testcase>
  <testcase name="pageSetUp" classname="Tests.CheckoutTest" time="0">
    <skipped/>
  </testcase>
  <testcase name="allFieldsAreMandatory" classname="Tests.CheckoutTest" time="0">
    <skipped message="Could not start a new session. Possible causes are invalid address of the remote server or browser start-up failure. &#10;Host info: host: &apos;CLVITN-28FQFX3&apos;, ip: &apos;10.216.30.167&apos;"/>
  </testcase>
  <testcase name="tearDown" classname="Tests.CheckoutTest" time="0">
    <skipped/>
  </testcase>
  <testcase name="tearDown" classname="Tests.CheckoutTest" time="0">
    <skipped/>
  </testcase>
  <testcase name="tearDown" classname="Tests.CheckoutTest" time="0">
    <skipped/>
  </testcase>
  <testcase name="tearDown" classname="Tests.CheckoutTest" time="0">
    <skipped/>
  </testcase>
  <testcase name="firstNameIsMandatory" classname="Tests.CheckoutTest" time="0">
    <skipped message="Could not start a new session. Possible causes are invalid address of the remote server or browser start-up failure. &#10;Host info: host: &apos;CLVITN-28FQFX3&apos;, ip: &apos;10.216.30.167&apos;"/>
  </testcase>
  <testcase name="lastNameIsMandatory" classname="Tests.CheckoutTest" time="0">
    <skipped message="Could not start a new session. Possible causes are invalid address of the remote server or browser start-up failure. &#10;Host info: host: &apos;CLVITN-28FQFX3&apos;, ip: &apos;10.216.30.167&apos;"/>
  </testcase>
  <testcase name="zipCodeIsMandatory" classname="Tests.CheckoutTest" time="0">
    <skipped message="Could not start a new session. Possible causes are invalid address of the remote server or browser start-up failure. &#10;Host info: host: &apos;CLVITN-28FQFX3&apos;, ip: &apos;10.216.30.167&apos;"/>
  </testcase>
  <testcase name="killProcesses" classname="Tests.CheckoutTest" time="0">
    <skipped/>
  </testcase>
  <testcase name="itemCanBeBought" classname="Tests.EndToEndTest" time="1.578"/>
  <testcase name="userCanGoToHomepageAfterShopping" classname="Tests.EndToEndTest" time="0.495"/>
</testsuite>