<?xml version="1.0" encoding="UTF-8"?>
<testng-results ignored="0" total="6" passed="6" failed="0" skipped="0">
  <reporter-output>
  </reporter-output>
  <suite started-at="2023-10-16T16:15:57 CEST" name="Surefire suite" finished-at="2023-10-16T16:16:19 CEST" duration-ms="21686">
    <groups>
    </groups>
    <test started-at="2023-10-16T16:15:57 CEST" name="Surefire test" finished-at="2023-10-16T16:16:19 CEST" duration-ms="21686">
      <class name="Tests.HomepageTest">
        <test-method is-config="true" signature="setUp()[pri:0, instance:Tests.HomepageTest@4b5d6a01]" started-at="2023-10-16T16:15:57 CEST" name="setUp" finished-at="2023-10-16T16:15:58 CEST" duration-ms="377" status="PASS">
          <reporter-output>
          </reporter-output>
        </test-method> <!-- setUp -->
        <test-method is-config="true" signature="driverSetUp()[pri:0, instance:Tests.HomepageTest@4b5d6a01]" started-at="2023-10-16T16:15:58 CEST" name="driverSetUp" finished-at="2023-10-16T16:16:00 CEST" duration-ms="2463" status="PASS">
          <reporter-output>
          </reporter-output>
        </test-method> <!-- driverSetUp -->
        <test-method is-config="true" signature="pageSetUp()[pri:0, instance:Tests.HomepageTest@4b5d6a01]" started-at="2023-10-16T16:16:00 CEST" name="pageSetUp" finished-at="2023-10-16T16:16:01 CEST" duration-ms="283" status="PASS">
          <reporter-output>
          </reporter-output>
        </test-method> <!-- pageSetUp -->
        <test-method signature="hamburgerMenuIsHidden()[pri:10, instance:Tests.HomepageTest@4b5d6a01]" started-at="2023-10-16T16:16:01 CEST" name="hamburgerMenuIsHidden" finished-at="2023-10-16T16:16:01 CEST" duration-ms="30" status="PASS">
          <reporter-output>
          </reporter-output>
        </test-method> <!-- hamburgerMenuIsHidden -->
        <test-method is-config="true" signature="tearDown()[pri:0, instance:Tests.HomepageTest@4b5d6a01]" started-at="2023-10-16T16:16:01 CEST" name="tearDown" finished-at="2023-10-16T16:16:01 CEST" duration-ms="0" status="PASS">
          <reporter-output>
          </reporter-output>
        </test-method> <!-- tearDown -->
        <test-method is-config="true" signature="driverSetUp()[pri:0, instance:Tests.HomepageTest@4b5d6a01]" started-at="2023-10-16T16:16:01 CEST" name="driverSetUp" finished-at="2023-10-16T16:16:04 CEST" duration-ms="2961" status="PASS">
          <reporter-output>
          </reporter-output>
        </test-method> <!-- driverSetUp -->
        <test-method is-config="true" signature="pageSetUp()[pri:0, instance:Tests.HomepageTest@4b5d6a01]" started-at="2023-10-16T16:16:04 CEST" name="pageSetUp" finished-at="2023-10-16T16:16:04 CEST" duration-ms="267" status="PASS">
          <reporter-output>
          </reporter-output>
        </test-method> <!-- pageSetUp -->
        <test-method signature="hamburgerMenuHasExpectedItems()[pri:20, instance:Tests.HomepageTest@4b5d6a01]" started-at="2023-10-16T16:16:04 CEST" name="hamburgerMenuHasExpectedItems" finished-at="2023-10-16T16:16:05 CEST" duration-ms="652" status="PASS">
          <reporter-output>
          </reporter-output>
        </test-method> <!-- hamburgerMenuHasExpectedItems -->
        <test-method is-config="true" signature="tearDown()[pri:0, instance:Tests.HomepageTest@4b5d6a01]" started-at="2023-10-16T16:16:05 CEST" name="tearDown" finished-at="2023-10-16T16:16:05 CEST" duration-ms="0" status="PASS">
          <reporter-output>
          </reporter-output>
        </test-method> <!-- tearDown -->
        <test-method is-config="true" signature="driverSetUp()[pri:0, instance:Tests.HomepageTest@4b5d6a01]" started-at="2023-10-16T16:16:05 CEST" name="driverSetUp" finished-at="2023-10-16T16:16:08 CEST" duration-ms="3451" status="PASS">
          <reporter-output>
          </reporter-output>
        </test-method> <!-- driverSetUp -->
        <test-method is-config="true" signature="pageSetUp()[pri:0, instance:Tests.HomepageTest@4b5d6a01]" started-at="2023-10-16T16:16:08 CEST" name="pageSetUp" finished-at="2023-10-16T16:16:08 CEST" duration-ms="270" status="PASS">
          <reporter-output>
          </reporter-output>
        </test-method> <!-- pageSetUp -->
        <test-method signature="sortItemsAtoZ()[pri:30, instance:Tests.HomepageTest@4b5d6a01]" started-at="2023-10-16T16:16:08 CEST" name="sortItemsAtoZ" finished-at="2023-10-16T16:16:08 CEST" duration-ms="123" status="PASS">
          <reporter-output>
          </reporter-output>
        </test-method> <!-- sortItemsAtoZ -->
        <test-method is-config="true" signature="tearDown()[pri:0, instance:Tests.HomepageTest@4b5d6a01]" started-at="2023-10-16T16:16:08 CEST" name="tearDown" finished-at="2023-10-16T16:16:08 CEST" duration-ms="0" status="PASS">
          <reporter-output>
          </reporter-output>
        </test-method> <!-- tearDown -->
        <test-method is-config="true" signature="driverSetUp()[pri:0, instance:Tests.HomepageTest@4b5d6a01]" started-at="2023-10-16T16:16:08 CEST" name="driverSetUp" finished-at="2023-10-16T16:16:11 CEST" duration-ms="2996" status="PASS">
          <reporter-output>
          </reporter-output>
        </test-method> <!-- driverSetUp -->
        <test-method is-config="true" signature="pageSetUp()[pri:0, instance:Tests.HomepageTest@4b5d6a01]" started-at="2023-10-16T16:16:11 CEST" name="pageSetUp" finished-at="2023-10-16T16:16:12 CEST" duration-ms="270" status="PASS">
          <reporter-output>
          </reporter-output>
        </test-method> <!-- pageSetUp -->
        <test-method signature="sortItemsZtoA()[pri:40, instance:Tests.HomepageTest@4b5d6a01]" started-at="2023-10-16T16:16:12 CEST" name="sortItemsZtoA" finished-at="2023-10-16T16:16:12 CEST" duration-ms="148" status="PASS">
          <reporter-output>
          </reporter-output>
        </test-method> <!-- sortItemsZtoA -->
        <test-method is-config="true" signature="driverSetUp()[pri:0, instance:Tests.HomepageTest@4b5d6a01]" started-at="2023-10-16T16:16:12 CEST" name="driverSetUp" finished-at="2023-10-16T16:16:15 CEST" duration-ms="3316" status="PASS">
          <reporter-output>
          </reporter-output>
        </test-method> <!-- driverSetUp -->
        <test-method is-config="true" signature="tearDown()[pri:0, instance:Tests.HomepageTest@4b5d6a01]" started-at="2023-10-16T16:16:12 CEST" name="tearDown" finished-at="2023-10-16T16:16:12 CEST" duration-ms="0" status="PASS">
          <reporter-output>
          </reporter-output>
        </test-method> <!-- tearDown -->
        <test-method is-config="true" signature="pageSetUp()[pri:0, instance:Tests.HomepageTest@4b5d6a01]" started-at="2023-10-16T16:16:15 CEST" name="pageSetUp" finished-at="2023-10-16T16:16:15 CEST" duration-ms="275" status="PASS">
          <reporter-output>
          </reporter-output>
        </test-method> <!-- pageSetUp -->
        <test-method signature="sortPriceHighToLow()[pri:50, instance:Tests.HomepageTest@4b5d6a01]" started-at="2023-10-16T16:16:15 CEST" name="sortPriceHighToLow" finished-at="2023-10-16T16:16:16 CEST" duration-ms="152" status="PASS">
          <reporter-output>
          </reporter-output>
        </test-method> <!-- sortPriceHighToLow -->
        <test-method is-config="true" signature="tearDown()[pri:0, instance:Tests.HomepageTest@4b5d6a01]" started-at="2023-10-16T16:16:16 CEST" name="tearDown" finished-at="2023-10-16T16:16:16 CEST" duration-ms="0" status="PASS">
          <reporter-output>
          </reporter-output>
        </test-method> <!-- tearDown -->
        <test-method is-config="true" signature="driverSetUp()[pri:0, instance:Tests.HomepageTest@4b5d6a01]" started-at="2023-10-16T16:16:16 CEST" name="driverSetUp" finished-at="2023-10-16T16:16:19 CEST" duration-ms="3202" status="PASS">
          <reporter-output>
          </reporter-output>
        </test-method> <!-- driverSetUp -->
        <test-method is-config="true" signature="pageSetUp()[pri:0, instance:Tests.HomepageTest@4b5d6a01]" started-at="2023-10-16T16:16:19 CEST" name="pageSetUp" finished-at="2023-10-16T16:16:19 CEST" duration-ms="273" status="PASS">
          <reporter-output>
          </reporter-output>
        </test-method> <!-- pageSetUp -->
        <test-method signature="sortPriceLowToHigh()[pri:60, instance:Tests.HomepageTest@4b5d6a01]" started-at="2023-10-16T16:16:19 CEST" name="sortPriceLowToHigh" finished-at="2023-10-16T16:16:19 CEST" duration-ms="156" status="PASS">
          <reporter-output>
          </reporter-output>
        </test-method> <!-- sortPriceLowToHigh -->
        <test-method is-config="true" signature="tearDown()[pri:0, instance:Tests.HomepageTest@4b5d6a01]" started-at="2023-10-16T16:16:19 CEST" name="tearDown" finished-at="2023-10-16T16:16:19 CEST" duration-ms="0" status="PASS">
          <reporter-output>
          </reporter-output>
        </test-method> <!-- tearDown -->
      </class> <!-- Tests.HomepageTest -->
    </test> <!-- Surefire test -->
  </suite> <!-- Surefire suite -->
</testng-results>
